{"/home/travis/build/npmtest/node-npmtest-pdf-extract/test.js":{"path":"/home/travis/build/npmtest/node-npmtest-pdf-extract/test.js","s":{"1":2,"2":2,"3":2,"4":2,"5":2,"6":2,"7":2,"8":1,"9":2,"10":2,"11":1,"12":1,"13":1,"14":1,"15":2,"16":2,"17":2,"18":2,"19":1,"20":1,"21":2,"22":2,"23":2,"24":1,"25":1,"26":1,"27":1,"28":1,"29":1,"30":1,"31":1,"32":1,"33":1,"34":1,"35":1,"36":1,"37":1,"38":1,"39":2,"40":2,"41":1,"42":2,"43":2,"44":1,"45":2,"46":2,"47":1,"48":2,"49":2,"50":1,"51":1,"52":1,"53":1,"54":1},"b":{"1":[2,1,1,1],"2":[1,1,1,1],"3":[1,1],"4":[1,1],"5":[1,1],"6":[1,1],"7":[1,1],"8":[1,1],"9":[1,1],"10":[1,1,1],"11":[1,1],"12":[1,1],"13":[1,1],"14":[1,1],"15":[1,1],"16":[1,1],"17":[1,1]},"f":{"1":2,"2":2,"3":2,"4":2,"5":2,"6":1,"7":1,"8":1,"9":2,"10":2,"11":2,"12":2,"13":1},"fnMap":{"1":{"name":"(anonymous_1)","line":12,"loc":{"start":{"line":12,"column":1},"end":{"line":12,"column":13}}},"2":{"name":"(anonymous_2)","line":19,"loc":{"start":{"line":19,"column":5},"end":{"line":19,"column":17}}},"3":{"name":"(anonymous_3)","line":23,"loc":{"start":{"line":23,"column":24},"end":{"line":23,"column":36}}},"4":{"name":"(anonymous_4)","line":61,"loc":{"start":{"line":61,"column":5},"end":{"line":61,"column":17}}},"5":{"name":"(anonymous_5)","line":82,"loc":{"start":{"line":82,"column":5},"end":{"line":82,"column":17}}},"6":{"name":"(anonymous_6)","line":91,"loc":{"start":{"line":91,"column":77},"end":{"line":94,"column":10}}},"7":{"name":"(anonymous_7)","line":112,"loc":{"start":{"line":112,"column":83},"end":{"line":115,"column":10}},"skip":true},"8":{"name":"(anonymous_8)","line":123,"loc":{"start":{"line":123,"column":77},"end":{"line":126,"column":10}},"skip":true},"9":{"name":"(anonymous_9)","line":139,"loc":{"start":{"line":139,"column":12},"end":{"line":139,"column":40}},"skip":true},"10":{"name":"(anonymous_10)","line":147,"loc":{"start":{"line":147,"column":77},"end":{"line":150,"column":10}},"skip":true},"11":{"name":"(anonymous_11)","line":158,"loc":{"start":{"line":158,"column":83},"end":{"line":161,"column":10}},"skip":true},"12":{"name":"(anonymous_12)","line":169,"loc":{"start":{"line":169,"column":79},"end":{"line":172,"column":10}},"skip":true},"13":{"name":"(anonymous_13)","line":180,"loc":{"start":{"line":180,"column":75},"end":{"line":183,"column":10}},"skip":true}},"statementMap":{"1":{"start":{"line":12,"column":0},"end":{"line":195,"column":5}},"2":{"start":{"line":14,"column":4},"end":{"line":14,"column":14}},"3":{"start":{"line":19,"column":4},"end":{"line":56,"column":9}},"4":{"start":{"line":21,"column":8},"end":{"line":21,"column":19}},"5":{"start":{"line":23,"column":8},"end":{"line":35,"column":13}},"6":{"start":{"line":24,"column":12},"end":{"line":34,"column":13}},"7":{"start":{"line":25,"column":16},"end":{"line":28,"column":30}},"8":{"start":{"line":30,"column":16},"end":{"line":33,"column":27}},"9":{"start":{"line":37,"column":8},"end":{"line":39,"column":21}},"10":{"start":{"line":40,"column":8},"end":{"line":53,"column":9}},"11":{"start":{"line":43,"column":12},"end":{"line":46,"column":14}},"12":{"start":{"line":47,"column":12},"end":{"line":47,"column":18}},"13":{"start":{"line":50,"column":12},"end":{"line":51,"column":46}},"14":{"start":{"line":52,"column":12},"end":{"line":52,"column":18}},"15":{"start":{"line":55,"column":8},"end":{"line":55,"column":35}},"16":{"start":{"line":61,"column":4},"end":{"line":63,"column":9}},"17":{"start":{"line":62,"column":8},"end":{"line":62,"column":15}},"18":{"start":{"line":64,"column":4},"end":{"line":77,"column":5}},"19":{"start":{"line":70,"column":8},"end":{"line":70,"column":14}},"20":{"start":{"line":76,"column":8},"end":{"line":76,"column":14}},"21":{"start":{"line":82,"column":4},"end":{"line":84,"column":9}},"22":{"start":{"line":83,"column":8},"end":{"line":83,"column":15}},"23":{"start":{"line":85,"column":4},"end":{"line":194,"column":5}},"24":{"start":{"line":91,"column":8},"end":{"line":99,"column":10}},"25":{"start":{"line":98,"column":12},"end":{"line":98,"column":35}},"26":{"start":{"line":102,"column":8},"end":{"line":104,"column":63}},"27":{"start":{"line":105,"column":8},"end":{"line":105,"column":14}},"28":{"start":{"line":112,"column":8},"end":{"line":121,"column":10},"skip":true},"29":{"start":{"line":119,"column":12},"end":{"line":119,"column":55},"skip":true},"30":{"start":{"line":120,"column":12},"end":{"line":120,"column":48},"skip":true},"31":{"start":{"line":123,"column":8},"end":{"line":136,"column":10},"skip":true},"32":{"start":{"line":130,"column":12},"end":{"line":130,"column":76},"skip":true},"33":{"start":{"line":131,"column":12},"end":{"line":131,"column":73},"skip":true},"34":{"start":{"line":132,"column":12},"end":{"line":132,"column":74},"skip":true},"35":{"start":{"line":133,"column":12},"end":{"line":133,"column":79},"skip":true},"36":{"start":{"line":134,"column":12},"end":{"line":134,"column":25},"skip":true},"37":{"start":{"line":135,"column":12},"end":{"line":135,"column":45},"skip":true},"38":{"start":{"line":138,"column":8},"end":{"line":145,"column":14},"skip":true},"39":{"start":{"line":143,"column":16},"end":{"line":143,"column":29},"skip":true},"40":{"start":{"line":144,"column":16},"end":{"line":144,"column":55},"skip":true},"41":{"start":{"line":147,"column":8},"end":{"line":156,"column":10},"skip":true},"42":{"start":{"line":154,"column":12},"end":{"line":154,"column":25},"skip":true},"43":{"start":{"line":155,"column":12},"end":{"line":155,"column":45},"skip":true},"44":{"start":{"line":158,"column":8},"end":{"line":167,"column":10},"skip":true},"45":{"start":{"line":165,"column":12},"end":{"line":165,"column":25},"skip":true},"46":{"start":{"line":166,"column":12},"end":{"line":166,"column":48},"skip":true},"47":{"start":{"line":169,"column":8},"end":{"line":178,"column":10},"skip":true},"48":{"start":{"line":176,"column":12},"end":{"line":176,"column":25},"skip":true},"49":{"start":{"line":177,"column":12},"end":{"line":177,"column":46},"skip":true},"50":{"start":{"line":180,"column":8},"end":{"line":189,"column":10},"skip":true},"51":{"start":{"line":187,"column":12},"end":{"line":187,"column":94},"skip":true},"52":{"start":{"line":188,"column":12},"end":{"line":188,"column":48},"skip":true},"53":{"start":{"line":192,"column":8},"end":{"line":192,"column":35},"skip":true},"54":{"start":{"line":193,"column":8},"end":{"line":193,"column":14},"skip":true}},"branchMap":{"1":{"line":25,"type":"binary-expr","locations":[{"start":{"line":25,"column":23},"end":{"line":25,"column":62}},{"start":{"line":26,"column":20},"end":{"line":26,"column":70}},{"start":{"line":27,"column":20},"end":{"line":27,"column":71}},{"start":{"line":28,"column":20},"end":{"line":28,"column":29}}]},"2":{"line":30,"type":"binary-expr","locations":[{"start":{"line":30,"column":23},"end":{"line":30,"column":37}},{"start":{"line":31,"column":20},"end":{"line":31,"column":61}},{"start":{"line":32,"column":20},"end":{"line":32,"column":70}},{"start":{"line":33,"column":20},"end":{"line":33,"column":26}}]},"3":{"line":37,"type":"cond-expr","locations":[{"start":{"line":38,"column":14},"end":{"line":38,"column":20}},{"start":{"line":39,"column":14},"end":{"line":39,"column":20}}]},"4":{"line":40,"type":"switch","locations":[{"start":{"line":42,"column":8},"end":{"line":47,"column":18}},{"start":{"line":49,"column":8},"end":{"line":52,"column":18}}]},"5":{"line":44,"type":"binary-expr","locations":[{"start":{"line":44,"column":16},"end":{"line":44,"column":44}},{"start":{"line":44,"column":48},"end":{"line":44,"column":66}}]},"6":{"line":50,"type":"binary-expr","locations":[{"start":{"line":50,"column":21},"end":{"line":50,"column":49}},{"start":{"line":50,"column":53},"end":{"line":50,"column":72}}]},"7":{"line":64,"type":"switch","locations":[{"start":{"line":69,"column":4},"end":{"line":70,"column":14}},{"start":{"line":75,"column":4},"end":{"line":76,"column":14}}]},"8":{"line":85,"type":"switch","locations":[{"start":{"line":90,"column":4},"end":{"line":105,"column":14}},{"start":{"line":111,"column":4},"end":{"line":193,"column":14},"skip":true}]},"9":{"line":91,"type":"binary-expr","locations":[{"start":{"line":91,"column":42},"end":{"line":91,"column":73}},{"start":{"line":91,"column":77},"end":{"line":99,"column":9}}]},"10":{"line":102,"type":"binary-expr","locations":[{"start":{"line":102,"column":18},"end":{"line":102,"column":32}},{"start":{"line":103,"column":12},"end":{"line":103,"column":53}},{"start":{"line":104,"column":12},"end":{"line":104,"column":61}}]},"11":{"line":112,"type":"binary-expr","locations":[{"start":{"line":112,"column":45},"end":{"line":112,"column":79},"skip":true},{"start":{"line":112,"column":83},"end":{"line":121,"column":9},"skip":true}]},"12":{"line":123,"type":"binary-expr","locations":[{"start":{"line":123,"column":42},"end":{"line":123,"column":73},"skip":true},{"start":{"line":123,"column":77},"end":{"line":136,"column":9},"skip":true}]},"13":{"line":138,"type":"binary-expr","locations":[{"start":{"line":138,"column":48},"end":{"line":138,"column":85},"skip":true},{"start":{"line":139,"column":12},"end":{"line":145,"column":13},"skip":true}]},"14":{"line":147,"type":"binary-expr","locations":[{"start":{"line":147,"column":42},"end":{"line":147,"column":73},"skip":true},{"start":{"line":147,"column":77},"end":{"line":156,"column":9},"skip":true}]},"15":{"line":158,"type":"binary-expr","locations":[{"start":{"line":158,"column":45},"end":{"line":158,"column":79},"skip":true},{"start":{"line":158,"column":83},"end":{"line":167,"column":9},"skip":true}]},"16":{"line":169,"type":"binary-expr","locations":[{"start":{"line":169,"column":43},"end":{"line":169,"column":75},"skip":true},{"start":{"line":169,"column":79},"end":{"line":178,"column":9},"skip":true}]},"17":{"line":180,"type":"binary-expr","locations":[{"start":{"line":180,"column":41},"end":{"line":180,"column":71},"skip":true},{"start":{"line":180,"column":75},"end":{"line":189,"column":9},"skip":true}]}},"code":["/* istanbul instrument in package npmtest_pdf_extract */","/*jslint","    bitwise: true,","    browser: true,","    maxerr: 8,","    maxlen: 96,","    node: true,","    nomen: true,","    regexp: true,","    stupid: true","*/","(function () {","    'use strict';","    var local;","","","","    // run shared js-env code - pre-init","    (function () {","        // init local","        local = {};","        // init modeJs","        local.modeJs = (function () {","            try {","                return typeof navigator.userAgent === 'string' &&","                    typeof document.querySelector('body') === 'object' &&","                    typeof XMLHttpRequest.prototype.open === 'function' &&","                    'browser';","            } catch (errorCaughtBrowser) {","                return module.exports &&","                    typeof process.versions.node === 'string' &&","                    typeof require('http').createServer === 'function' &&","                    'node';","            }","        }());","        // init global","        local.global = local.modeJs === 'browser'","            ? window","            : global;","        switch (local.modeJs) {","        // re-init local from window.local","        case 'browser':","            local = local.global.utility2.objectSetDefault(","                local.global.utility2_rollup || local.global.local,","                local.global.utility2","            );","            break;","        // re-init local from example.js","        case 'node':","            local = (local.global.utility2_rollup || require('utility2'))","                .requireExampleJsFromReadme();","            break;","        }","        // export local","        local.global.local = local;","    }());","","","","    // run shared js-env code - function","    (function () {","        return;","    }());","    switch (local.modeJs) {","","","","    // run browser js-env code - function","    case 'browser':","        break;","","","","    // run node js-env code - function","    case 'node':","        break;","    }","","","","    // run shared js-env code - post-init","    (function () {","        return;","    }());","    switch (local.modeJs) {","","","","    // run browser js-env code - post-init","    case 'browser':","        local.testCase_browser_nullCase = local.testCase_browser_nullCase || function (","            options,","            onError","        ) {","        /*","         * this function will test browsers's null-case handling-behavior-behavior","         */","            onError(null, options);","        };","","        // run tests","        local.nop(local.modeTest &&","            document.querySelector('#testRunButton1') &&","            document.querySelector('#testRunButton1').click());","        break;","","","","    // run node js-env code - post-init","    /* istanbul ignore next */","    case 'node':","        local.testCase_buildApidoc_default = local.testCase_buildApidoc_default || function (","            options,","            onError","        ) {","        /*","         * this function will test buildApidoc's default handling-behavior-behavior","         */","            options = { modulePathList: module.paths };","            local.buildApidoc(options, onError);","        };","","        local.testCase_buildApp_default = local.testCase_buildApp_default || function (","            options,","            onError","        ) {","        /*","         * this function will test buildApp's default handling-behavior-behavior","         */","            local.testCase_buildReadme_default(options, local.onErrorThrow);","            local.testCase_buildLib_default(options, local.onErrorThrow);","            local.testCase_buildTest_default(options, local.onErrorThrow);","            local.testCase_buildCustomOrg_default(options, local.onErrorThrow);","            options = [];","            local.buildApp(options, onError);","        };","","        local.testCase_buildCustomOrg_default = local.testCase_buildCustomOrg_default ||","            function (options, onError) {","            /*","             * this function will test buildCustomOrg's default handling-behavior","             */","                options = {};","                local.buildCustomOrg(options, onError);","            };","","        local.testCase_buildLib_default = local.testCase_buildLib_default || function (","            options,","            onError","        ) {","        /*","         * this function will test buildLib's default handling-behavior","         */","            options = {};","            local.buildLib(options, onError);","        };","","        local.testCase_buildReadme_default = local.testCase_buildReadme_default || function (","            options,","            onError","        ) {","        /*","         * this function will test buildReadme's default handling-behavior-behavior","         */","            options = {};","            local.buildReadme(options, onError);","        };","","        local.testCase_buildTest_default = local.testCase_buildTest_default || function (","            options,","            onError","        ) {","        /*","         * this function will test buildTest's default handling-behavior","         */","            options = {};","            local.buildTest(options, onError);","        };","","        local.testCase_webpage_default = local.testCase_webpage_default || function (","            options,","            onError","        ) {","        /*","         * this function will test webpage's default handling-behavior","         */","            options = { modeCoverageMerge: true, url: local.serverLocalHost + '?modeTest=1' };","            local.browserTest(options, onError);","        };","","        // run test-server","        local.testRunServer(local);","        break;","    }","}());",""],"l":{"12":2,"14":2,"19":2,"21":2,"23":2,"24":2,"25":2,"30":1,"37":2,"40":2,"43":1,"47":1,"50":1,"52":1,"55":2,"61":2,"62":2,"64":2,"70":1,"76":1,"82":2,"83":2,"85":2,"91":1,"98":1,"102":1,"105":1,"112":1,"119":1,"120":1,"123":1,"130":1,"131":1,"132":1,"133":1,"134":1,"135":1,"138":1,"143":2,"144":2,"147":1,"154":2,"155":2,"158":1,"165":2,"166":2,"169":1,"176":2,"177":2,"180":1,"187":1,"188":1,"192":1,"193":1}},"/home/travis/build/npmtest/node-npmtest-pdf-extract/lib.npmtest_pdf_extract.js":{"path":"/home/travis/build/npmtest/node-npmtest-pdf-extract/lib.npmtest_pdf_extract.js","s":{"1":2,"2":2,"3":2,"4":2,"5":2,"6":2,"7":2,"8":1,"9":2,"10":2,"11":2,"12":2,"13":1,"14":1,"15":1,"16":1},"b":{"1":[2,1,1,1],"2":[1,1,1,1],"3":[1,1],"4":[2,2],"5":[1,1]},"f":{"1":2,"2":2,"3":2},"fnMap":{"1":{"name":"(anonymous_1)","line":12,"loc":{"start":{"line":12,"column":1},"end":{"line":12,"column":13}}},"2":{"name":"(anonymous_2)","line":19,"loc":{"start":{"line":19,"column":5},"end":{"line":19,"column":17}}},"3":{"name":"(anonymous_3)","line":23,"loc":{"start":{"line":23,"column":24},"end":{"line":23,"column":36}}}},"statementMap":{"1":{"start":{"line":12,"column":0},"end":{"line":53,"column":5}},"2":{"start":{"line":14,"column":4},"end":{"line":14,"column":14}},"3":{"start":{"line":19,"column":4},"end":{"line":52,"column":9}},"4":{"start":{"line":21,"column":8},"end":{"line":21,"column":19}},"5":{"start":{"line":23,"column":8},"end":{"line":35,"column":13}},"6":{"start":{"line":24,"column":12},"end":{"line":34,"column":13}},"7":{"start":{"line":25,"column":16},"end":{"line":28,"column":30}},"8":{"start":{"line":30,"column":16},"end":{"line":33,"column":27}},"9":{"start":{"line":37,"column":8},"end":{"line":39,"column":21}},"10":{"start":{"line":41,"column":8},"end":{"line":41,"column":54}},"11":{"start":{"line":43,"column":8},"end":{"line":43,"column":56}},"12":{"start":{"line":45,"column":8},"end":{"line":51,"column":9}},"13":{"start":{"line":46,"column":12},"end":{"line":46,"column":62}},"14":{"start":{"line":48,"column":12},"end":{"line":48,"column":35}},"15":{"start":{"line":49,"column":12},"end":{"line":49,"column":49}},"16":{"start":{"line":50,"column":12},"end":{"line":50,"column":43}}},"branchMap":{"1":{"line":25,"type":"binary-expr","locations":[{"start":{"line":25,"column":23},"end":{"line":25,"column":62}},{"start":{"line":26,"column":20},"end":{"line":26,"column":70}},{"start":{"line":27,"column":20},"end":{"line":27,"column":71}},{"start":{"line":28,"column":20},"end":{"line":28,"column":29}}]},"2":{"line":30,"type":"binary-expr","locations":[{"start":{"line":30,"column":23},"end":{"line":30,"column":37}},{"start":{"line":31,"column":20},"end":{"line":31,"column":61}},{"start":{"line":32,"column":20},"end":{"line":32,"column":70}},{"start":{"line":33,"column":20},"end":{"line":33,"column":26}}]},"3":{"line":37,"type":"cond-expr","locations":[{"start":{"line":38,"column":14},"end":{"line":38,"column":20}},{"start":{"line":39,"column":14},"end":{"line":39,"column":20}}]},"4":{"line":41,"type":"binary-expr","locations":[{"start":{"line":41,"column":16},"end":{"line":41,"column":44}},{"start":{"line":41,"column":48},"end":{"line":41,"column":53}}]},"5":{"line":45,"type":"if","locations":[{"start":{"line":45,"column":8},"end":{"line":45,"column":8}},{"start":{"line":45,"column":8},"end":{"line":45,"column":8}}]}},"code":["/* istanbul instrument in package npmtest_pdf_extract */","/*jslint","    bitwise: true,","    browser: true,","    maxerr: 8,","    maxlen: 96,","    node: true,","    nomen: true,","    regexp: true,","    stupid: true","*/","(function () {","    'use strict';","    var local;","","","","    // run shared js-env code - pre-init","    (function () {","        // init local","        local = {};","        // init modeJs","        local.modeJs = (function () {","            try {","                return typeof navigator.userAgent === 'string' &&","                    typeof document.querySelector('body') === 'object' &&","                    typeof XMLHttpRequest.prototype.open === 'function' &&","                    'browser';","            } catch (errorCaughtBrowser) {","                return module.exports &&","                    typeof process.versions.node === 'string' &&","                    typeof require('http').createServer === 'function' &&","                    'node';","            }","        }());","        // init global","        local.global = local.modeJs === 'browser'","            ? window","            : global;","        // init utility2_rollup","        local = local.global.utility2_rollup || local;","        // init lib","        local.local = local.npmtest_pdf_extract = local;","        // init exports","        if (local.modeJs === 'browser') {","            local.global.utility2_npmtest_pdf_extract = local;","        } else {","            module.exports = local;","            module.exports.__dirname = __dirname;","            module.exports.module = module;","        }","    }());","}());",""],"l":{"12":2,"14":2,"19":2,"21":2,"23":2,"24":2,"25":2,"30":1,"37":2,"41":2,"43":2,"45":2,"46":1,"48":1,"49":1,"50":1}},"/home/travis/build/npmtest/node-npmtest-pdf-extract/example.js":{"path":"/home/travis/build/npmtest/node-npmtest-pdf-extract/example.js","s":{"1":2,"2":2,"3":2,"4":2,"5":2,"6":2,"7":2,"8":1,"9":2,"10":2,"11":2,"12":2,"13":1,"14":2,"15":2,"16":2,"17":2,"18":2,"19":0,"20":2,"21":1,"22":1,"23":1,"24":1,"25":1,"26":0,"27":0,"28":1,"29":1,"30":2,"31":0,"32":0,"33":0,"34":1,"35":2,"36":2,"37":3,"38":3,"39":3,"40":3,"41":0,"42":3,"43":3,"44":3,"45":1,"46":3,"47":1,"48":1,"49":1,"50":1,"51":1,"52":1,"53":1,"54":1,"55":1,"56":1,"57":0,"58":1,"59":6,"60":6,"61":1,"62":2,"63":0,"64":2,"65":1,"66":1,"67":0,"68":0,"69":0,"70":0,"71":0,"72":0,"73":0,"74":0,"75":0,"76":0,"77":0,"78":0,"79":0,"80":0,"81":0,"82":0,"83":0},"b":{"1":[2,1,1,1],"2":[1,1,1,1],"3":[1,1],"4":[2,2],"5":[1,1],"6":[1,1],"7":[2,0],"8":[2,1,1,1,1,1],"9":[0,2,0],"10":[1,1],"11":[2,1,1],"12":[1,0],"13":[0,2],"14":[2,0,0,0,0,0,0],"15":[0,3],"16":[3,0],"17":[1,1],"18":[0,1],"19":[1,2,0,2],"20":[1,0],"21":[1,1],"22":[0,0],"23":[0,0],"24":[0,0],"25":[0,0],"26":[0,0],"27":[0,0],"28":[0,0]},"f":{"1":2,"2":2,"3":2,"4":2,"5":2,"6":2,"7":3,"8":3,"9":3,"10":1,"11":6,"12":0},"fnMap":{"1":{"name":"(anonymous_1)","line":26,"loc":{"start":{"line":26,"column":1},"end":{"line":26,"column":13}}},"2":{"name":"(anonymous_2)","line":33,"loc":{"start":{"line":33,"column":5},"end":{"line":33,"column":17}}},"3":{"name":"(anonymous_3)","line":37,"loc":{"start":{"line":37,"column":24},"end":{"line":37,"column":36}}},"4":{"name":"(anonymous_4)","line":69,"loc":{"start":{"line":69,"column":31},"end":{"line":69,"column":48}},"skip":true},"5":{"name":"(anonymous_5)","line":78,"loc":{"start":{"line":78,"column":26},"end":{"line":78,"column":45}},"skip":true},"6":{"name":"(anonymous_6)","line":123,"loc":{"start":{"line":123,"column":33},"end":{"line":123,"column":48}},"skip":true},"7":{"name":"(anonymous_7)","line":125,"loc":{"start":{"line":125,"column":27},"end":{"line":125,"column":39}},"skip":true},"8":{"name":"(anonymous_8)","line":133,"loc":{"start":{"line":133,"column":59},"end":{"line":133,"column":74}},"skip":true},"9":{"name":"(anonymous_9)","line":143,"loc":{"start":{"line":143,"column":45},"end":{"line":143,"column":62}},"skip":true},"10":{"name":"(anonymous_10)","line":144,"loc":{"start":{"line":144,"column":73},"end":{"line":144,"column":92}},"skip":true},"11":{"name":"(anonymous_11)","line":272,"loc":{"start":{"line":272,"column":51},"end":{"line":272,"column":77}},"skip":true},"12":{"name":"(anonymous_12)","line":315,"loc":{"start":{"line":315,"column":32},"end":{"line":315,"column":61}},"skip":true}},"statementMap":{"1":{"start":{"line":26,"column":0},"end":{"line":326,"column":5}},"2":{"start":{"line":28,"column":4},"end":{"line":28,"column":14}},"3":{"start":{"line":33,"column":4},"end":{"line":60,"column":9}},"4":{"start":{"line":35,"column":8},"end":{"line":35,"column":19}},"5":{"start":{"line":37,"column":8},"end":{"line":49,"column":13}},"6":{"start":{"line":38,"column":12},"end":{"line":48,"column":13}},"7":{"start":{"line":39,"column":16},"end":{"line":42,"column":30}},"8":{"start":{"line":44,"column":16},"end":{"line":47,"column":27}},"9":{"start":{"line":51,"column":8},"end":{"line":53,"column":21}},"10":{"start":{"line":55,"column":8},"end":{"line":57,"column":45}},"11":{"start":{"line":59,"column":8},"end":{"line":59,"column":35}},"12":{"start":{"line":61,"column":4},"end":{"line":325,"column":5}},"13":{"start":{"line":69,"column":8},"end":{"line":121,"column":10},"skip":true},"14":{"start":{"line":70,"column":12},"end":{"line":88,"column":13},"skip":true},"15":{"start":{"line":76,"column":16},"end":{"line":87,"column":19},"skip":true},"16":{"start":{"line":79,"column":20},"end":{"line":86,"column":21},"skip":true},"17":{"start":{"line":82,"column":24},"end":{"line":82,"column":43},"skip":true},"18":{"start":{"line":83,"column":24},"end":{"line":83,"column":30},"skip":true},"19":{"start":{"line":85,"column":24},"end":{"line":85,"column":49},"skip":true},"20":{"start":{"line":89,"column":12},"end":{"line":107,"column":13},"skip":true},"21":{"start":{"line":92,"column":16},"end":{"line":102,"column":17},"skip":true},"22":{"start":{"line":93,"column":20},"end":{"line":93,"column":86},"skip":true},"23":{"start":{"line":94,"column":20},"end":{"line":95,"column":45},"skip":true},"24":{"start":{"line":96,"column":20},"end":{"line":96,"column":42},"skip":true},"25":{"start":{"line":97,"column":20},"end":{"line":97,"column":48},"skip":true},"26":{"start":{"line":100,"column":20},"end":{"line":100,"column":85},"skip":true},"27":{"start":{"line":101,"column":20},"end":{"line":101,"column":96},"skip":true},"28":{"start":{"line":103,"column":16},"end":{"line":103,"column":22},"skip":true},"29":{"start":{"line":106,"column":16},"end":{"line":106,"column":22},"skip":true},"30":{"start":{"line":108,"column":12},"end":{"line":120,"column":13},"skip":true},"31":{"start":{"line":114,"column":16},"end":{"line":119,"column":17},"skip":true},"32":{"start":{"line":116,"column":20},"end":{"line":116,"column":78},"skip":true},"33":{"start":{"line":118,"column":20},"end":{"line":118,"column":47},"skip":true},"34":{"start":{"line":123,"column":8},"end":{"line":141,"column":11},"skip":true},"35":{"start":{"line":124,"column":12},"end":{"line":124,"column":54},"skip":true},"36":{"start":{"line":125,"column":12},"end":{"line":140,"column":14},"skip":true},"37":{"start":{"line":126,"column":16},"end":{"line":126,"column":28},"skip":true},"38":{"start":{"line":127,"column":16},"end":{"line":127,"column":69},"skip":true},"39":{"start":{"line":128,"column":16},"end":{"line":128,"column":75},"skip":true},"40":{"start":{"line":129,"column":16},"end":{"line":131,"column":17},"skip":true},"41":{"start":{"line":130,"column":20},"end":{"line":130,"column":27},"skip":true},"42":{"start":{"line":133,"column":16},"end":{"line":137,"column":36},"skip":true},"43":{"start":{"line":134,"column":20},"end":{"line":136,"column":55},"skip":true},"44":{"start":{"line":139,"column":16},"end":{"line":139,"column":57},"skip":true},"45":{"start":{"line":143,"column":8},"end":{"line":147,"column":11},"skip":true},"46":{"start":{"line":144,"column":12},"end":{"line":146,"column":15},"skip":true},"47":{"start":{"line":145,"column":16},"end":{"line":145,"column":70},"skip":true},"48":{"start":{"line":149,"column":8},"end":{"line":149,"column":31},"skip":true},"49":{"start":{"line":150,"column":8},"end":{"line":150,"column":14},"skip":true},"50":{"start":{"line":158,"column":8},"end":{"line":158,"column":31},"skip":true},"51":{"start":{"line":160,"column":8},"end":{"line":160,"column":33},"skip":true},"52":{"start":{"line":161,"column":8},"end":{"line":161,"column":37},"skip":true},"53":{"start":{"line":162,"column":8},"end":{"line":162,"column":35},"skip":true},"54":{"start":{"line":164,"column":8},"end":{"line":164,"column":50},"skip":true},"55":{"start":{"line":166,"column":8},"end":{"line":256,"column":2},"skip":true},"56":{"start":{"line":258,"column":8},"end":{"line":286,"column":9},"skip":true},"57":{"start":{"line":259,"column":12},"end":{"line":269,"column":14},"skip":true},"58":{"start":{"line":271,"column":12},"end":{"line":285,"column":19},"skip":true},"59":{"start":{"line":274,"column":20},"end":{"line":274,"column":35},"skip":true},"60":{"start":{"line":275,"column":20},"end":{"line":284,"column":21},"skip":true},"61":{"start":{"line":277,"column":24},"end":{"line":277,"column":64},"skip":true},"62":{"start":{"line":279,"column":24},"end":{"line":279,"column":40},"skip":true},"63":{"start":{"line":281,"column":24},"end":{"line":281,"column":40},"skip":true},"64":{"start":{"line":283,"column":24},"end":{"line":283,"column":39},"skip":true},"65":{"start":{"line":288,"column":8},"end":{"line":290,"column":9},"skip":true},"66":{"start":{"line":289,"column":12},"end":{"line":289,"column":18},"skip":true},"67":{"start":{"line":291,"column":8},"end":{"line":293,"column":54},"skip":true},"68":{"start":{"line":296,"column":8},"end":{"line":301,"column":37},"skip":true},"69":{"start":{"line":303,"column":8},"end":{"line":303,"column":82},"skip":true},"70":{"start":{"line":306,"column":8},"end":{"line":308,"column":9},"skip":true},"71":{"start":{"line":307,"column":12},"end":{"line":307,"column":82},"skip":true},"72":{"start":{"line":310,"column":8},"end":{"line":312,"column":9},"skip":true},"73":{"start":{"line":311,"column":12},"end":{"line":311,"column":18},"skip":true},"74":{"start":{"line":313,"column":8},"end":{"line":313,"column":54},"skip":true},"75":{"start":{"line":314,"column":8},"end":{"line":314,"column":69},"skip":true},"76":{"start":{"line":315,"column":8},"end":{"line":323,"column":36},"skip":true},"77":{"start":{"line":316,"column":12},"end":{"line":316,"column":61},"skip":true},"78":{"start":{"line":317,"column":12},"end":{"line":320,"column":13},"skip":true},"79":{"start":{"line":318,"column":16},"end":{"line":318,"column":75},"skip":true},"80":{"start":{"line":319,"column":16},"end":{"line":319,"column":23},"skip":true},"81":{"start":{"line":321,"column":12},"end":{"line":321,"column":38},"skip":true},"82":{"start":{"line":322,"column":12},"end":{"line":322,"column":27},"skip":true},"83":{"start":{"line":324,"column":8},"end":{"line":324,"column":14},"skip":true}},"branchMap":{"1":{"line":39,"type":"binary-expr","locations":[{"start":{"line":39,"column":23},"end":{"line":39,"column":62}},{"start":{"line":40,"column":20},"end":{"line":40,"column":70}},{"start":{"line":41,"column":20},"end":{"line":41,"column":71}},{"start":{"line":42,"column":20},"end":{"line":42,"column":29}}]},"2":{"line":44,"type":"binary-expr","locations":[{"start":{"line":44,"column":23},"end":{"line":44,"column":37}},{"start":{"line":45,"column":20},"end":{"line":45,"column":61}},{"start":{"line":46,"column":20},"end":{"line":46,"column":70}},{"start":{"line":47,"column":20},"end":{"line":47,"column":26}}]},"3":{"line":51,"type":"cond-expr","locations":[{"start":{"line":52,"column":14},"end":{"line":52,"column":20}},{"start":{"line":53,"column":14},"end":{"line":53,"column":20}}]},"4":{"line":55,"type":"binary-expr","locations":[{"start":{"line":55,"column":16},"end":{"line":55,"column":44}},{"start":{"line":55,"column":49},"end":{"line":57,"column":43}}]},"5":{"line":55,"type":"cond-expr","locations":[{"start":{"line":56,"column":14},"end":{"line":56,"column":55}},{"start":{"line":57,"column":14},"end":{"line":57,"column":43}}]},"6":{"line":61,"type":"switch","locations":[{"start":{"line":68,"column":4},"end":{"line":150,"column":14},"skip":true},{"start":{"line":156,"column":4},"end":{"line":324,"column":14},"skip":true}]},"7":{"line":70,"type":"if","locations":[{"start":{"line":70,"column":12},"end":{"line":70,"column":12},"skip":true},{"start":{"line":70,"column":12},"end":{"line":70,"column":12},"skip":true}]},"8":{"line":70,"type":"binary-expr","locations":[{"start":{"line":70,"column":16},"end":{"line":70,"column":22},"skip":true},{"start":{"line":70,"column":27},"end":{"line":70,"column":32},"skip":true},{"start":{"line":71,"column":20},"end":{"line":71,"column":39},"skip":true},{"start":{"line":72,"column":20},"end":{"line":72,"column":49},"skip":true},{"start":{"line":73,"column":20},"end":{"line":73,"column":58},"skip":true},{"start":{"line":74,"column":20},"end":{"line":74,"column":69},"skip":true}]},"9":{"line":79,"type":"switch","locations":[{"start":{"line":80,"column":20},"end":{"line":80,"column":33},"skip":true},{"start":{"line":81,"column":20},"end":{"line":83,"column":30},"skip":true},{"start":{"line":84,"column":20},"end":{"line":85,"column":49},"skip":true}]},"10":{"line":89,"type":"switch","locations":[{"start":{"line":90,"column":12},"end":{"line":103,"column":22},"skip":true},{"start":{"line":105,"column":12},"end":{"line":106,"column":22},"skip":true}]},"11":{"line":89,"type":"binary-expr","locations":[{"start":{"line":89,"column":20},"end":{"line":89,"column":25},"skip":true},{"start":{"line":89,"column":29},"end":{"line":89,"column":48},"skip":true},{"start":{"line":89,"column":52},"end":{"line":89,"column":74},"skip":true}]},"12":{"line":92,"type":"if","locations":[{"start":{"line":92,"column":16},"end":{"line":92,"column":16},"skip":true},{"start":{"line":92,"column":16},"end":{"line":92,"column":16},"skip":true}]},"13":{"line":108,"type":"if","locations":[{"start":{"line":108,"column":12},"end":{"line":108,"column":12},"skip":true},{"start":{"line":108,"column":12},"end":{"line":108,"column":12},"skip":true}]},"14":{"line":108,"type":"binary-expr","locations":[{"start":{"line":108,"column":16},"end":{"line":108,"column":61},"skip":true},{"start":{"line":108,"column":66},"end":{"line":108,"column":72},"skip":true},{"start":{"line":108,"column":77},"end":{"line":108,"column":82},"skip":true},{"start":{"line":109,"column":20},"end":{"line":109,"column":39},"skip":true},{"start":{"line":110,"column":20},"end":{"line":110,"column":49},"skip":true},{"start":{"line":111,"column":20},"end":{"line":111,"column":58},"skip":true},{"start":{"line":112,"column":20},"end":{"line":112,"column":68},"skip":true}]},"15":{"line":129,"type":"if","locations":[{"start":{"line":129,"column":16},"end":{"line":129,"column":16},"skip":true},{"start":{"line":129,"column":16},"end":{"line":129,"column":16},"skip":true}]},"16":{"line":134,"type":"cond-expr","locations":[{"start":{"line":135,"column":26},"end":{"line":135,"column":29},"skip":true},{"start":{"line":136,"column":26},"end":{"line":136,"column":54},"skip":true}]},"17":{"line":164,"type":"binary-expr","locations":[{"start":{"line":164,"column":27},"end":{"line":164,"column":43},"skip":true},{"start":{"line":164,"column":47},"end":{"line":164,"column":49},"skip":true}]},"18":{"line":258,"type":"if","locations":[{"start":{"line":258,"column":8},"end":{"line":258,"column":8},"skip":true},{"start":{"line":258,"column":8},"end":{"line":258,"column":8},"skip":true}]},"19":{"line":275,"type":"switch","locations":[{"start":{"line":276,"column":20},"end":{"line":277,"column":64},"skip":true},{"start":{"line":278,"column":20},"end":{"line":279,"column":40},"skip":true},{"start":{"line":280,"column":20},"end":{"line":281,"column":40},"skip":true},{"start":{"line":282,"column":20},"end":{"line":283,"column":39},"skip":true}]},"20":{"line":288,"type":"if","locations":[{"start":{"line":288,"column":8},"end":{"line":288,"column":8},"skip":true},{"start":{"line":288,"column":8},"end":{"line":288,"column":8},"skip":true}]},"21":{"line":288,"type":"binary-expr","locations":[{"start":{"line":288,"column":12},"end":{"line":288,"column":40},"skip":true},{"start":{"line":288,"column":44},"end":{"line":288,"column":67},"skip":true}]},"22":{"line":292,"type":"binary-expr","locations":[{"start":{"line":292,"column":12},"end":{"line":292,"column":50},"skip":true},{"start":{"line":293,"column":12},"end":{"line":293,"column":53},"skip":true}]},"23":{"line":297,"type":"binary-expr","locations":[{"start":{"line":297,"column":12},"end":{"line":297,"column":69},"skip":true},{"start":{"line":298,"column":12},"end":{"line":301,"column":36},"skip":true}]},"24":{"line":303,"type":"binary-expr","locations":[{"start":{"line":303,"column":43},"end":{"line":303,"column":75},"skip":true},{"start":{"line":303,"column":79},"end":{"line":303,"column":81},"skip":true}]},"25":{"line":306,"type":"if","locations":[{"start":{"line":306,"column":8},"end":{"line":306,"column":8},"skip":true},{"start":{"line":306,"column":8},"end":{"line":306,"column":8},"skip":true}]},"26":{"line":310,"type":"if","locations":[{"start":{"line":310,"column":8},"end":{"line":310,"column":8},"skip":true},{"start":{"line":310,"column":8},"end":{"line":310,"column":8},"skip":true}]},"27":{"line":313,"type":"binary-expr","locations":[{"start":{"line":313,"column":27},"end":{"line":313,"column":43},"skip":true},{"start":{"line":313,"column":47},"end":{"line":313,"column":53},"skip":true}]},"28":{"line":317,"type":"if","locations":[{"start":{"line":317,"column":12},"end":{"line":317,"column":12},"skip":true},{"start":{"line":317,"column":12},"end":{"line":317,"column":12},"skip":true}]}},"code":["/*","example.js","","quickstart example","","instruction","    1. save this script as example.js","    2. run the shell command:","        $ npm install npmtest-pdf-extract && PORT=8081 node example.js","    3. play with the browser-demo on http://127.0.0.1:8081","*/","","","","/* istanbul instrument in package npmtest_pdf_extract */","/*jslint","    bitwise: true,","    browser: true,","    maxerr: 8,","    maxlen: 96,","    node: true,","    nomen: true,","    regexp: true,","    stupid: true","*/","(function () {","    'use strict';","    var local;","","","","    // run shared js-env code - pre-init","    (function () {","        // init local","        local = {};","        // init modeJs","        local.modeJs = (function () {","            try {","                return typeof navigator.userAgent === 'string' &&","                    typeof document.querySelector('body') === 'object' &&","                    typeof XMLHttpRequest.prototype.open === 'function' &&","                    'browser';","            } catch (errorCaughtBrowser) {","                return module.exports &&","                    typeof process.versions.node === 'string' &&","                    typeof require('http').createServer === 'function' &&","                    'node';","            }","        }());","        // init global","        local.global = local.modeJs === 'browser'","            ? window","            : global;","        // init utility2_rollup","        local = local.global.utility2_rollup || (local.modeJs === 'browser'","            ? local.global.utility2_npmtest_pdf_extract","            : global.utility2_moduleExports);","        // export local","        local.global.local = local;","    }());","    switch (local.modeJs) {","","","","    // post-init","    // run browser js-env code - post-init","    /* istanbul ignore next */","    case 'browser':","        local.testRunBrowser = function (event) {","            if (!event || (event &&","                    event.currentTarget &&","                    event.currentTarget.className &&","                    event.currentTarget.className.includes &&","                    event.currentTarget.className.includes('onreset'))) {","                // reset output","                Array.from(","                    document.querySelectorAll('body > .resettable')","                ).forEach(function (element) {","                    switch (element.tagName) {","                    case 'INPUT':","                    case 'TEXTAREA':","                        element.value = '';","                        break;","                    default:","                        element.textContent = '';","                    }","                });","            }","            switch (event && event.currentTarget && event.currentTarget.id) {","            case 'testRunButton1':","                // show tests","                if (document.querySelector('#testReportDiv1').style.display === 'none') {","                    document.querySelector('#testReportDiv1').style.display = 'block';","                    document.querySelector('#testRunButton1').textContent =","                        'hide internal test';","                    local.modeTest = true;","                    local.testRunDefault(local);","                // hide tests","                } else {","                    document.querySelector('#testReportDiv1').style.display = 'none';","                    document.querySelector('#testRunButton1').textContent = 'run internal test';","                }","                break;","            // custom-case","            default:","                break;","            }","            if (document.querySelector('#inputTextareaEval1') && (!event || (event &&","                    event.currentTarget &&","                    event.currentTarget.className &&","                    event.currentTarget.className.includes &&","                    event.currentTarget.className.includes('oneval')))) {","                // try to eval input-code","                try {","                    /*jslint evil: true*/","                    eval(document.querySelector('#inputTextareaEval1').value);","                } catch (errorCaught) {","                    console.error(errorCaught);","                }","            }","        };","        // log stderr and stdout to #outputTextareaStdout1","        ['error', 'log'].forEach(function (key) {","            console[key + '_original'] = console[key];","            console[key] = function () {","                var element;","                console[key + '_original'].apply(console, arguments);","                element = document.querySelector('#outputTextareaStdout1');","                if (!element) {","                    return;","                }","                // append text to #outputTextareaStdout1","                element.value += Array.from(arguments).map(function (arg) {","                    return typeof arg === 'string'","                        ? arg","                        : JSON.stringify(arg, null, 4);","                }).join(' ') + '\\n';","                // scroll textarea to bottom","                element.scrollTop = element.scrollHeight;","            };","        });","        // init event-handling","        ['change', 'click', 'keyup'].forEach(function (event) {","            Array.from(document.querySelectorAll('.on' + event)).forEach(function (element) {","                element.addEventListener(event, local.testRunBrowser);","            });","        });","        // run tests","        local.testRunBrowser();","        break;","","","","    // run node js-env code - post-init","    /* istanbul ignore next */","    case 'node':","        // export local","        module.exports = local;","        // require modules","        local.fs = require('fs');","        local.http = require('http');","        local.url = require('url');","        // init assets","        local.assetsDict = local.assetsDict || {};","        /* jslint-ignore-begin */","        local.assetsDict['/assets.index.template.html'] = '\\","<!doctype html>\\n\\","<html lang=\"en\">\\n\\","<head>\\n\\","<meta charset=\"UTF-8\">\\n\\","<meta name=\"viewport\" content=\"width=device-width, initial-scale=1\">\\n\\","<title>{{env.npm_package_name}} (v{{env.npm_package_version}})</title>\\n\\","<style>\\n\\","/*csslint\\n\\","    box-sizing: false,\\n\\","    universal-selector: false\\n\\","*/\\n\\","* {\\n\\","    box-sizing: border-box;\\n\\","}\\n\\","body {\\n\\","    background: #dde;\\n\\","    font-family: Arial, Helvetica, sans-serif;\\n\\","    margin: 2rem;\\n\\","}\\n\\","body > * {\\n\\","    margin-bottom: 1rem;\\n\\","}\\n\\",".utility2FooterDiv {\\n\\","    margin-top: 20px;\\n\\","    text-align: center;\\n\\","}\\n\\","</style>\\n\\","<style>\\n\\","/*csslint\\n\\","*/\\n\\","textarea {\\n\\","    font-family: monospace;\\n\\","    height: 10rem;\\n\\","    width: 100%;\\n\\","}\\n\\","textarea[readonly] {\\n\\","    background: #ddd;\\n\\","}\\n\\","</style>\\n\\","</head>\\n\\","<body>\\n\\","<!-- utility2-comment\\n\\","<div id=\"ajaxProgressDiv1\" style=\"background: #d00; height: 2px; left: 0; margin: 0; padding: 0; position: fixed; top: 0; transition: background 0.5s, width 1.5s; width: 25%;\"></div>\\n\\","utility2-comment -->\\n\\","<h1>\\n\\","<!-- utility2-comment\\n\\","    <a\\n\\","        {{#if env.npm_package_homepage}}\\n\\","        href=\"{{env.npm_package_homepage}}\"\\n\\","        {{/if env.npm_package_homepage}}\\n\\","        target=\"_blank\"\\n\\","    >\\n\\","utility2-comment -->\\n\\","        {{env.npm_package_name}} (v{{env.npm_package_version}})\\n\\","<!-- utility2-comment\\n\\","    </a>\\n\\","utility2-comment -->\\n\\","</h1>\\n\\","<h3>{{env.npm_package_description}}</h3>\\n\\","<!-- utility2-comment\\n\\","<h4><a download href=\"assets.app.js\">download standalone app</a></h4>\\n\\","<button class=\"onclick onreset\" id=\"testRunButton1\">run internal test</button><br>\\n\\","<div id=\"testReportDiv1\" style=\"display: none;\"></div>\\n\\","utility2-comment -->\\n\\","\\n\\","\\n\\","\\n\\","<label>stderr and stdout</label>\\n\\","<textarea class=\"resettable\" id=\"outputTextareaStdout1\" readonly></textarea>\\n\\","<!-- utility2-comment\\n\\","{{#if isRollup}}\\n\\","<script src=\"assets.app.js\"></script>\\n\\","{{#unless isRollup}}\\n\\","utility2-comment -->\\n\\","<script src=\"assets.utility2.rollup.js\"></script>\\n\\","<script src=\"jsonp.utility2._stateInit?callback=window.utility2._stateInit\"></script>\\n\\","<script src=\"assets.npmtest_pdf_extract.rollup.js\"></script>\\n\\","<script src=\"assets.example.js\"></script>\\n\\","<script src=\"assets.test.js\"></script>\\n\\","<!-- utility2-comment\\n\\","{{/if isRollup}}\\n\\","utility2-comment -->\\n\\","<div class=\"utility2FooterDiv\">\\n\\","    [ this app was created with\\n\\","    <a href=\"https://github.com/kaizhu256/node-utility2\" target=\"_blank\">utility2</a>\\n\\","    ]\\n\\","</div>\\n\\","</body>\\n\\","</html>\\n\\","';","        /* jslint-ignore-end */","        if (local.templateRender) {","            local.assetsDict['/'] = local.templateRender(","                local.assetsDict['/assets.index.template.html'],","                {","                    env: local.objectSetDefault(local.env, {","                        npm_package_description: 'the greatest app in the world!',","                        npm_package_name: 'my-app',","                        npm_package_nameAlias: 'my_app',","                        npm_package_version: '0.0.1'","                    })","                }","            );","        } else {","            local.assetsDict['/'] = local.assetsDict['/assets.index.template.html']","                .replace((/\\{\\{env\\.(\\w+?)\\}\\}/g), function (match0, match1) {","                    // jslint-hack","                    String(match0);","                    switch (match1) {","                    case 'npm_package_description':","                        return 'the greatest app in the world!';","                    case 'npm_package_name':","                        return 'my-app';","                    case 'npm_package_nameAlias':","                        return 'my_app';","                    case 'npm_package_version':","                        return '0.0.1';","                    }","                });","        }","        // run the cli","        if (local.global.utility2_rollup || module !== require.main) {","            break;","        }","        local.assetsDict['/assets.example.js'] =","            local.assetsDict['/assets.example.js'] ||","            local.fs.readFileSync(__filename, 'utf8');","        // bug-workaround - long $npm_package_buildCustomOrg","        /* jslint-ignore-begin */","        local.assetsDict['/assets.npmtest_pdf_extract.rollup.js'] =","            local.assetsDict['/assets.npmtest_pdf_extract.rollup.js'] ||","            local.fs.readFileSync(","                local.npmtest_pdf_extract.__dirname + '/lib.npmtest_pdf_extract.js',","                'utf8'","            ).replace((/^#!/), '//');","        /* jslint-ignore-end */","        local.assetsDict['/favicon.ico'] = local.assetsDict['/favicon.ico'] || '';","        // if $npm_config_timeout_exit exists,","        // then exit this process after $npm_config_timeout_exit ms","        if (Number(process.env.npm_config_timeout_exit)) {","            setTimeout(process.exit, Number(process.env.npm_config_timeout_exit));","        }","        // start server","        if (local.global.utility2_serverHttp1) {","            break;","        }","        process.env.PORT = process.env.PORT || '8081';","        console.error('server starting on port ' + process.env.PORT);","        local.http.createServer(function (request, response) {","            request.urlParsed = local.url.parse(request.url);","            if (local.assetsDict[request.urlParsed.pathname] !== undefined) {","                response.end(local.assetsDict[request.urlParsed.pathname]);","                return;","            }","            response.statusCode = 404;","            response.end();","        }).listen(process.env.PORT);","        break;","    }","}());",""],"l":{"26":2,"28":2,"33":2,"35":2,"37":2,"38":2,"39":2,"44":1,"51":2,"55":2,"59":2,"61":2,"69":1,"70":2,"76":2,"79":2,"82":2,"83":2,"85":1,"89":2,"92":1,"93":1,"94":1,"96":1,"97":1,"100":1,"101":1,"103":1,"106":1,"108":2,"114":1,"116":1,"118":1,"123":1,"124":2,"125":2,"126":3,"127":3,"128":3,"129":3,"130":1,"133":3,"134":3,"139":3,"143":1,"144":3,"145":1,"149":1,"150":1,"158":1,"160":1,"161":1,"162":1,"164":1,"166":1,"258":1,"259":1,"271":1,"274":6,"275":6,"277":1,"279":2,"281":1,"283":2,"288":1,"289":1,"291":1,"296":1,"303":1,"306":1,"307":1,"310":1,"311":1,"313":1,"314":1,"315":1,"316":1,"317":1,"318":1,"319":1,"321":1,"322":1,"324":1}},"/home/travis/build/npmtest/node-npmtest-pdf-extract/node_modules/pdf-extract/main.js":{"path":"/home/travis/build/npmtest/node-npmtest-pdf-extract/node_modules/pdf-extract/main.js","s":{"1":1,"2":1,"3":1,"4":1,"5":1,"6":1,"7":1,"8":1,"9":1,"10":1,"11":0,"12":0,"13":0,"14":0,"15":0,"16":0,"17":0,"18":0,"19":0,"20":0,"21":0,"22":0,"23":0,"24":0,"25":0,"26":0,"27":0,"28":0,"29":0,"30":0,"31":0,"32":0,"33":0,"34":0},"b":{"1":[0,0],"2":[0,0],"3":[0,0],"4":[0,0],"5":[0,0],"6":[0,0],"7":[0,0]},"f":{"1":0,"2":0},"fnMap":{"1":{"name":"(anonymous_1)","line":39,"loc":{"start":{"line":39,"column":17},"end":{"line":39,"column":49}}},"2":{"name":"(anonymous_2)","line":64,"loc":{"start":{"line":64,"column":22},"end":{"line":64,"column":40}}}},"statementMap":{"1":{"start":{"line":16,"column":0},"end":{"line":16,"column":27}},"2":{"start":{"line":17,"column":0},"end":{"line":17,"column":27}},"3":{"start":{"line":18,"column":0},"end":{"line":18,"column":41}},"4":{"start":{"line":19,"column":0},"end":{"line":19,"column":23}},"5":{"start":{"line":20,"column":0},"end":{"line":20,"column":27}},"6":{"start":{"line":21,"column":0},"end":{"line":21,"column":29}},"7":{"start":{"line":22,"column":0},"end":{"line":22,"column":31}},"8":{"start":{"line":24,"column":0},"end":{"line":24,"column":31}},"9":{"start":{"line":25,"column":0},"end":{"line":25,"column":45}},"10":{"start":{"line":39,"column":0},"end":{"line":73,"column":1}},"11":{"start":{"line":40,"column":2},"end":{"line":40,"column":10}},"12":{"start":{"line":41,"column":2},"end":{"line":41,"column":28}},"13":{"start":{"line":42,"column":2},"end":{"line":45,"column":3}},"14":{"start":{"line":43,"column":4},"end":{"line":43,"column":61}},"15":{"start":{"line":44,"column":4},"end":{"line":44,"column":19}},"16":{"start":{"line":46,"column":2},"end":{"line":49,"column":3}},"17":{"start":{"line":47,"column":4},"end":{"line":47,"column":93}},"18":{"start":{"line":48,"column":4},"end":{"line":48,"column":19}},"19":{"start":{"line":50,"column":2},"end":{"line":53,"column":3}},"20":{"start":{"line":51,"column":4},"end":{"line":51,"column":137}},"21":{"start":{"line":52,"column":4},"end":{"line":52,"column":19}},"22":{"start":{"line":54,"column":2},"end":{"line":63,"column":3}},"23":{"start":{"line":55,"column":4},"end":{"line":55,"column":26}},"24":{"start":{"line":57,"column":7},"end":{"line":63,"column":3}},"25":{"start":{"line":58,"column":4},"end":{"line":58,"column":33}},"26":{"start":{"line":61,"column":4},"end":{"line":61,"column":137}},"27":{"start":{"line":62,"column":4},"end":{"line":62,"column":19}},"28":{"start":{"line":64,"column":2},"end":{"line":71,"column":5}},"29":{"start":{"line":65,"column":4},"end":{"line":68,"column":5}},"30":{"start":{"line":66,"column":6},"end":{"line":66,"column":55}},"31":{"start":{"line":67,"column":6},"end":{"line":67,"column":21}},"32":{"start":{"line":69,"column":4},"end":{"line":69,"column":41}},"33":{"start":{"line":70,"column":4},"end":{"line":70,"column":9}},"34":{"start":{"line":72,"column":2},"end":{"line":72,"column":19}}},"branchMap":{"1":{"line":42,"type":"if","locations":[{"start":{"line":42,"column":2},"end":{"line":42,"column":2}},{"start":{"line":42,"column":2},"end":{"line":42,"column":2}}]},"2":{"line":46,"type":"if","locations":[{"start":{"line":46,"column":2},"end":{"line":46,"column":2}},{"start":{"line":46,"column":2},"end":{"line":46,"column":2}}]},"3":{"line":50,"type":"if","locations":[{"start":{"line":50,"column":2},"end":{"line":50,"column":2}},{"start":{"line":50,"column":2},"end":{"line":50,"column":2}}]},"4":{"line":50,"type":"binary-expr","locations":[{"start":{"line":50,"column":6},"end":{"line":50,"column":37}},{"start":{"line":50,"column":41},"end":{"line":50,"column":55}}]},"5":{"line":54,"type":"if","locations":[{"start":{"line":54,"column":2},"end":{"line":54,"column":2}},{"start":{"line":54,"column":2},"end":{"line":54,"column":2}}]},"6":{"line":57,"type":"if","locations":[{"start":{"line":57,"column":7},"end":{"line":57,"column":7}},{"start":{"line":57,"column":7},"end":{"line":57,"column":7}}]},"7":{"line":65,"type":"if","locations":[{"start":{"line":65,"column":4},"end":{"line":65,"column":4}},{"start":{"line":65,"column":4},"end":{"line":65,"column":4}}]}},"code":["/**"," * @title Node PDF main.js"," * Node PDF allows you to convert pdf files into raw text. The library supports"," * text extraction from electronic searchable pdfs."," *"," * In addition, the library supports OCR text extract from pdfs which just"," * contain scanned images via the tesseract-ocr engine"," *"," * Multi-page pdfs are supported for both searchable and image pdfs."," * The library returns an array of strings where the string at a given"," * index in the output array cooresponds the page in the input pdf document"," *"," * @author Noah Isaacson"," * @date 2012-10-26"," */","var path = require('path');","var temp = require('temp');","var exec = require('child_process').exec;","var fs = require('fs');","var walk = require('walk');","var async = require('async');","var rimraf = require('rimraf');","","var Raw = require('./lib/raw');","var Electronic = require('./lib/electronic');","","/**"," * To process a pdf, pass in the absolute path to the pdf file on disk",""," * @param {Object} params should have the following fields set"," * @param {String} params.pdf_path the absolute path to the pdf file on disk"," * @param {Boolean} params.clean true if you want the temporary single page pdfs"," * @param {Boolean} options.type must be either \"ocr\" or \"text\""," *"," * @return {Array} text_pages is an array of strings, where each string is the"," * extracted text for the matching page index in the pdf document"," * @return {Processor} a processor object which will emit events as they occur"," */","module.exports = function(pdf_path, options, cb) {","  var err;","  var processor = new Raw();","  if (!'pdf_path') {","    err = 'you must supply a pdf path as the first parameter'","    return cb(err);","  }","  if (!options) {","    err =  'no options supplied. You must supply an options object with the \"type\" field set'","    return cb(err);","  }","  if (!options.hasOwnProperty('type') || ! options.type) {","    err  ='error, you must specify the type of extraction you wish to perform in the options object. Allowed values are \"ocr\" or \"text\"';","    return cb(err);","  }","  if (options.type === 'ocr') {","    processor = new Raw();","  }","  else if (options.type === 'text') {","    processor = new Electronic();","  }","  else {","    err  ='error, you must specify the type of extraction you wish to perform in the options object. Allowed values are \"ocr\" or \"text\"';","    return cb(err);;","  }","  fs.exists(pdf_path, function (exists) {","    if (!exists) {","      err = 'no file exists at the path you specified';","      return cb(err);","    }","    processor.process(pdf_path, options);","    cb();","  });","  return processor;","}",""],"l":{"16":1,"17":1,"18":1,"19":1,"20":1,"21":1,"22":1,"24":1,"25":1,"39":1,"40":0,"41":0,"42":0,"43":0,"44":0,"46":0,"47":0,"48":0,"50":0,"51":0,"52":0,"54":0,"55":0,"57":0,"58":0,"61":0,"62":0,"64":0,"65":0,"66":0,"67":0,"69":0,"70":0,"72":0}},"/home/travis/build/npmtest/node-npmtest-pdf-extract/node_modules/pdf-extract/lib/raw.js":{"path":"/home/travis/build/npmtest/node-npmtest-pdf-extract/node_modules/pdf-extract/lib/raw.js","s":{"1":1,"2":1,"3":1,"4":1,"5":1,"6":1,"7":1,"8":1,"9":1,"10":1,"11":0,"12":0,"13":1,"14":1,"15":1,"16":0,"17":0,"18":0,"19":0,"20":0,"21":0,"22":0,"23":0,"24":0,"25":0,"26":0,"27":0,"28":0,"29":0,"30":0,"31":0,"32":0,"33":0,"34":0,"35":0,"36":0,"37":0,"38":0,"39":0,"40":0,"41":0,"42":0,"43":0,"44":0,"45":0,"46":0,"47":0,"48":0,"49":0,"50":0,"51":0,"52":0,"53":0,"54":0,"55":0,"56":0,"57":0,"58":0,"59":0,"60":0,"61":0,"62":0,"63":0,"64":0,"65":0,"66":0,"67":0,"68":0,"69":0,"70":0,"71":0,"72":0,"73":0,"74":0,"75":0,"76":0,"77":0,"78":0,"79":0},"b":{"1":[0,0],"2":[0,0],"3":[0,0],"4":[0,0],"5":[0,0],"6":[0,0],"7":[0,0],"8":[0,0],"9":[0,0],"10":[0,0],"11":[0,0],"12":[0,0],"13":[0,0],"14":[0,0],"15":[0,0],"16":[0,0]},"f":{"1":0,"2":0,"3":0,"4":0,"5":0,"6":0,"7":0,"8":0,"9":0,"10":0},"fnMap":{"1":{"name":"Raw","line":17,"loc":{"start":{"line":17,"column":0},"end":{"line":17,"column":14}}},"2":{"name":"(anonymous_2)","line":36,"loc":{"start":{"line":36,"column":24},"end":{"line":36,"column":52}}},"3":{"name":"(anonymous_3)","line":47,"loc":{"start":{"line":47,"column":22},"end":{"line":47,"column":40}}},"4":{"name":"(anonymous_4)","line":53,"loc":{"start":{"line":53,"column":23},"end":{"line":53,"column":44}}},"5":{"name":"(anonymous_5)","line":59,"loc":{"start":{"line":59,"column":22},"end":{"line":59,"column":45}}},"6":{"name":"(anonymous_6)","line":83,"loc":{"start":{"line":83,"column":10},"end":{"line":83,"column":34}}},"7":{"name":"(anonymous_7)","line":88,"loc":{"start":{"line":88,"column":49},"end":{"line":88,"column":74}}},"8":{"name":"(anonymous_8)","line":98,"loc":{"start":{"line":98,"column":39},"end":{"line":98,"column":63}}},"9":{"name":"(anonymous_9)","line":99,"loc":{"start":{"line":99,"column":36},"end":{"line":99,"column":70}}},"10":{"name":"(anonymous_10)","line":114,"loc":{"start":{"line":114,"column":13},"end":{"line":114,"column":28}}}},"statementMap":{"1":{"start":{"line":6,"column":0},"end":{"line":6,"column":27}},"2":{"start":{"line":7,"column":0},"end":{"line":7,"column":31}},"3":{"start":{"line":8,"column":0},"end":{"line":8,"column":23}},"4":{"start":{"line":9,"column":0},"end":{"line":9,"column":29}},"5":{"start":{"line":10,"column":0},"end":{"line":10,"column":34}},"6":{"start":{"line":11,"column":0},"end":{"line":11,"column":38}},"7":{"start":{"line":12,"column":0},"end":{"line":12,"column":35}},"8":{"start":{"line":13,"column":0},"end":{"line":13,"column":30}},"9":{"start":{"line":14,"column":0},"end":{"line":14,"column":31}},"10":{"start":{"line":17,"column":0},"end":{"line":21,"column":1}},"11":{"start":{"line":18,"column":2},"end":{"line":20,"column":3}},"12":{"start":{"line":19,"column":4},"end":{"line":19,"column":21}},"13":{"start":{"line":22,"column":0},"end":{"line":22,"column":40}},"14":{"start":{"line":23,"column":0},"end":{"line":23,"column":21}},"15":{"start":{"line":36,"column":0},"end":{"line":124,"column":1}},"16":{"start":{"line":37,"column":2},"end":{"line":37,"column":18}},"17":{"start":{"line":38,"column":2},"end":{"line":38,"column":22}},"18":{"start":{"line":39,"column":2},"end":{"line":39,"column":19}},"19":{"start":{"line":40,"column":2},"end":{"line":42,"column":3}},"20":{"start":{"line":41,"column":4},"end":{"line":41,"column":17}},"21":{"start":{"line":44,"column":2},"end":{"line":46,"column":3}},"22":{"start":{"line":45,"column":4},"end":{"line":45,"column":25}},"23":{"start":{"line":47,"column":2},"end":{"line":123,"column":5}},"24":{"start":{"line":48,"column":4},"end":{"line":52,"column":5}},"25":{"start":{"line":49,"column":6},"end":{"line":49,"column":71}},"26":{"start":{"line":50,"column":6},"end":{"line":50,"column":60}},"27":{"start":{"line":51,"column":6},"end":{"line":51,"column":12}},"28":{"start":{"line":53,"column":4},"end":{"line":122,"column":7}},"29":{"start":{"line":54,"column":6},"end":{"line":58,"column":7}},"30":{"start":{"line":55,"column":8},"end":{"line":55,"column":87}},"31":{"start":{"line":56,"column":8},"end":{"line":56,"column":62}},"32":{"start":{"line":57,"column":8},"end":{"line":57,"column":15}},"33":{"start":{"line":59,"column":6},"end":{"line":121,"column":9}},"34":{"start":{"line":60,"column":8},"end":{"line":63,"column":9}},"35":{"start":{"line":61,"column":10},"end":{"line":61,"column":64}},"36":{"start":{"line":62,"column":10},"end":{"line":62,"column":16}},"37":{"start":{"line":64,"column":8},"end":{"line":68,"column":9}},"38":{"start":{"line":65,"column":10},"end":{"line":65,"column":47}},"39":{"start":{"line":66,"column":10},"end":{"line":66,"column":64}},"40":{"start":{"line":67,"column":10},"end":{"line":67,"column":17}},"41":{"start":{"line":69,"column":8},"end":{"line":69,"column":82}},"42":{"start":{"line":70,"column":8},"end":{"line":70,"column":30}},"43":{"start":{"line":71,"column":8},"end":{"line":71,"column":37}},"44":{"start":{"line":72,"column":8},"end":{"line":76,"column":9}},"45":{"start":{"line":73,"column":10},"end":{"line":73,"column":67}},"46":{"start":{"line":74,"column":10},"end":{"line":74,"column":64}},"47":{"start":{"line":75,"column":10},"end":{"line":75,"column":17}},"48":{"start":{"line":77,"column":8},"end":{"line":77,"column":22}},"49":{"start":{"line":78,"column":8},"end":{"line":78,"column":40}},"50":{"start":{"line":79,"column":8},"end":{"line":79,"column":44}},"51":{"start":{"line":80,"column":8},"end":{"line":120,"column":13}},"52":{"start":{"line":84,"column":12},"end":{"line":84,"column":30}},"53":{"start":{"line":85,"column":12},"end":{"line":87,"column":13}},"54":{"start":{"line":86,"column":14},"end":{"line":86,"column":40}},"55":{"start":{"line":88,"column":12},"end":{"line":113,"column":15}},"56":{"start":{"line":89,"column":14},"end":{"line":89,"column":50}},"57":{"start":{"line":90,"column":14},"end":{"line":90,"column":135}},"58":{"start":{"line":91,"column":14},"end":{"line":91,"column":42}},"59":{"start":{"line":91,"column":25},"end":{"line":91,"column":40}},"60":{"start":{"line":92,"column":14},"end":{"line":94,"column":16}},"61":{"start":{"line":95,"column":14},"end":{"line":97,"column":15}},"62":{"start":{"line":96,"column":16},"end":{"line":96,"column":46}},"63":{"start":{"line":98,"column":14},"end":{"line":112,"column":17}},"64":{"start":{"line":99,"column":16},"end":{"line":111,"column":19}},"65":{"start":{"line":100,"column":18},"end":{"line":102,"column":19}},"66":{"start":{"line":101,"column":20},"end":{"line":101,"column":88}},"67":{"start":{"line":103,"column":18},"end":{"line":103,"column":46}},"68":{"start":{"line":103,"column":29},"end":{"line":103,"column":44}},"69":{"start":{"line":104,"column":18},"end":{"line":104,"column":43}},"70":{"start":{"line":105,"column":18},"end":{"line":105,"column":122}},"71":{"start":{"line":106,"column":18},"end":{"line":106,"column":70}},"72":{"start":{"line":107,"column":18},"end":{"line":107,"column":164}},"73":{"start":{"line":108,"column":18},"end":{"line":108,"column":43}},"74":{"start":{"line":109,"column":18},"end":{"line":109,"column":26}},"75":{"start":{"line":110,"column":18},"end":{"line":110,"column":23}},"76":{"start":{"line":115,"column":12},"end":{"line":118,"column":13}},"77":{"start":{"line":116,"column":14},"end":{"line":116,"column":38}},"78":{"start":{"line":117,"column":14},"end":{"line":117,"column":21}},"79":{"start":{"line":119,"column":12},"end":{"line":119,"column":149}}},"branchMap":{"1":{"line":18,"type":"if","locations":[{"start":{"line":18,"column":2},"end":{"line":18,"column":2}},{"start":{"line":18,"column":2},"end":{"line":18,"column":2}}]},"2":{"line":40,"type":"if","locations":[{"start":{"line":40,"column":2},"end":{"line":40,"column":2}},{"start":{"line":40,"column":2},"end":{"line":40,"column":2}}]},"3":{"line":44,"type":"if","locations":[{"start":{"line":44,"column":2},"end":{"line":44,"column":2}},{"start":{"line":44,"column":2},"end":{"line":44,"column":2}}]},"4":{"line":48,"type":"if","locations":[{"start":{"line":48,"column":4},"end":{"line":48,"column":4}},{"start":{"line":48,"column":4},"end":{"line":48,"column":4}}]},"5":{"line":54,"type":"if","locations":[{"start":{"line":54,"column":6},"end":{"line":54,"column":6}},{"start":{"line":54,"column":6},"end":{"line":54,"column":6}}]},"6":{"line":60,"type":"if","locations":[{"start":{"line":60,"column":8},"end":{"line":60,"column":8}},{"start":{"line":60,"column":8},"end":{"line":60,"column":8}}]},"7":{"line":64,"type":"if","locations":[{"start":{"line":64,"column":8},"end":{"line":64,"column":8}},{"start":{"line":64,"column":8},"end":{"line":64,"column":8}}]},"8":{"line":72,"type":"if","locations":[{"start":{"line":72,"column":8},"end":{"line":72,"column":8}},{"start":{"line":72,"column":8},"end":{"line":72,"column":8}}]},"9":{"line":72,"type":"binary-expr","locations":[{"start":{"line":72,"column":12},"end":{"line":72,"column":22}},{"start":{"line":72,"column":26},"end":{"line":72,"column":47}}]},"10":{"line":85,"type":"if","locations":[{"start":{"line":85,"column":12},"end":{"line":85,"column":12}},{"start":{"line":85,"column":12},"end":{"line":85,"column":12}}]},"11":{"line":85,"type":"binary-expr","locations":[{"start":{"line":85,"column":16},"end":{"line":85,"column":49}},{"start":{"line":85,"column":53},"end":{"line":85,"column":68}}]},"12":{"line":91,"type":"if","locations":[{"start":{"line":91,"column":14},"end":{"line":91,"column":14}},{"start":{"line":91,"column":14},"end":{"line":91,"column":14}}]},"13":{"line":95,"type":"if","locations":[{"start":{"line":95,"column":14},"end":{"line":95,"column":14}},{"start":{"line":95,"column":14},"end":{"line":95,"column":14}}]},"14":{"line":100,"type":"if","locations":[{"start":{"line":100,"column":18},"end":{"line":100,"column":18}},{"start":{"line":100,"column":18},"end":{"line":100,"column":18}}]},"15":{"line":103,"type":"if","locations":[{"start":{"line":103,"column":18},"end":{"line":103,"column":18}},{"start":{"line":103,"column":18},"end":{"line":103,"column":18}}]},"16":{"line":115,"type":"if","locations":[{"start":{"line":115,"column":12},"end":{"line":115,"column":12}},{"start":{"line":115,"column":12},"end":{"line":115,"column":12}}]}},"code":["/**"," * Module which extracts the text out of an electronic pdf file"," * This module can handle multi-page pdf files",""," */","var util = require('util');","var events = require('events');","var fs = require('fs');","var async = require('async');","var split = require('./split.js');","var convert = require('./convert.js');","var pathHash = require('pathhash');","var ocr = require('./ocr.js');","var rimraf = require('rimraf');","","","function Raw(){","  if(false === (this instanceof Raw)) {","    return new Raw();","  }","}","util.inherits(Raw, events.EventEmitter);","module.exports = Raw;","","","/**"," * @param {String} pdf_path path to the pdf file on disk"," * @param {Boolean} params.clean true to remove the temporary single-page pdf"," *   files from disk. Sometimes however you might want to be able to use those"," *   single page pdfs after the ocr completes. In this case pass clean = false"," *"," * @return {Array} text_pages an array of the extracted text where"," *   each entry is the text for the page at the given index"," * @return callback(<maybe error>, text_pages)"," */","Raw.prototype.process = function(pdf_path, options) {","  var self = this;","  var text_pages = [];","  var split_output;","  if (!options) {","    options = {};","  }","  // default to removing the single page pdfs after ocr completes","  if (!options.hasOwnProperty('clean')) {","    options.clean = true;","  }","  fs.exists(pdf_path, function (exists) {","    if (!exists) {","      var err = 'no file exists at the path you specified: ' + pdf_path","      self.emit('error', { error: err, pdf_path: pdf_path});","      return","    }","    pathHash(pdf_path, function (err, hash) {","      if (err) {","        err = 'error hashing file at the path you specified: ' + pdf_path + '. ' + err;","        self.emit('error', { error: err, pdf_path: pdf_path});","        return;","      }","      split(pdf_path, function (err, output) {","        if (err) {","          self.emit('error', { error: err, pdf_path: pdf_path});","          return","        }","        if (!output) {","          err = 'no files returned from split';","          self.emit('error', { error: err, pdf_path: pdf_path});","          return;","        }","        self.emit('log', 'finished splitting pages for file at path ' + pdf_path);","        split_output = output;","        var pdf_files = output.files;","        if (!pdf_files || pdf_files.length == 0) {","          err = 'error, no pages where found in your pdf document';","          self.emit('error', { error: err, pdf_path: pdf_path});","          return;","        }","        var index = 0;","        var num_pages = pdf_files.length","        var single_page_pdf_file_paths = [];","        async.forEachSeries(","          pdf_files,","          // extract the text for each page via ocr","          function (pdf_file, cb) {","            var quality = 300;","            if (options.hasOwnProperty('quality') && options.quality) {","              quality = options.quality;","            }","            convert(pdf_file.file_path, quality, function (err, tif_path) {","              var zeroBasedNumPages = num_pages-1;","              self.emit('log', 'converted page to intermediate tiff file, page '+ index+ ' (0-based indexing) of '+ zeroBasedNumPages);","              if (err) { return cb(err); }","              var ocr_flags = [","                '-psm 6'","              ];","              if (options.ocr_flags) {","                ocr_flags = options.ocr_flags;","              }","              ocr(tif_path, ocr_flags, function (err, extract) {","                fs.unlink(tif_path, function (tif_cleanup_err, reply) {","                  if (tif_cleanup_err) {","                    err += ', error removing temporary tif file: \"'+tif_cleanup_err+'\"';","                  }","                  if (err) { return cb(err); }","                  var page_number = index+1","                  self.emit('log', 'raw ocr: page ' + index + ' (0-based indexing) of ' +zeroBasedNumPages + ' complete');","                  single_page_pdf_file_paths.push(pdf_file.file_path);","                  self.emit('page', { hash: hash, text: extract, index: index, num_pages: num_pages, pdf_path: pdf_path, single_page_pdf_path: pdf_file.file_path});","                  text_pages.push(extract);","                  index++;","                  cb();","                });","              });","            });","          }, function (err) {","            if (err) {","              self.emit('error', err);","              return;","            }","            self.emit('complete', { hash: hash, text_pages: text_pages, pdf_path: pdf_path, single_page_pdf_file_paths: single_page_pdf_file_paths});","          });","      });","    });","  });","}",""],"l":{"6":1,"7":1,"8":1,"9":1,"10":1,"11":1,"12":1,"13":1,"14":1,"17":1,"18":0,"19":0,"22":1,"23":1,"36":1,"37":0,"38":0,"39":0,"40":0,"41":0,"44":0,"45":0,"47":0,"48":0,"49":0,"50":0,"51":0,"53":0,"54":0,"55":0,"56":0,"57":0,"59":0,"60":0,"61":0,"62":0,"64":0,"65":0,"66":0,"67":0,"69":0,"70":0,"71":0,"72":0,"73":0,"74":0,"75":0,"77":0,"78":0,"79":0,"80":0,"84":0,"85":0,"86":0,"88":0,"89":0,"90":0,"91":0,"92":0,"95":0,"96":0,"98":0,"99":0,"100":0,"101":0,"103":0,"104":0,"105":0,"106":0,"107":0,"108":0,"109":0,"110":0,"115":0,"116":0,"117":0,"119":0}},"/home/travis/build/npmtest/node-npmtest-pdf-extract/node_modules/pdf-extract/lib/split.js":{"path":"/home/travis/build/npmtest/node-npmtest-pdf-extract/node_modules/pdf-extract/lib/split.js","s":{"1":1,"2":1,"3":1,"4":1,"5":1,"6":1,"7":1,"8":1,"9":0,"10":0,"11":0,"12":0,"13":0,"14":0,"15":0,"16":0,"17":0,"18":0,"19":0,"20":0,"21":0,"22":0,"23":0,"24":0,"25":0,"26":0,"27":0,"28":1,"29":0,"30":0,"31":0,"32":0,"33":0,"34":0,"35":0,"36":0,"37":0,"38":0,"39":0,"40":0,"41":0,"42":0,"43":0,"44":0,"45":0,"46":1,"47":0,"48":0,"49":0,"50":0,"51":1,"52":0,"53":0,"54":0,"55":0,"56":0,"57":0},"b":{"1":[0,0],"2":[0,0],"3":[0,0],"4":[0,0],"5":[0,0],"6":[0,0],"7":[0,0],"8":[0,0],"9":[0,0]},"f":{"1":0,"2":0,"3":0,"4":0,"5":0,"6":0,"7":0,"8":0,"9":0,"10":0,"11":0,"12":0,"13":0},"fnMap":{"1":{"name":"(anonymous_1)","line":26,"loc":{"start":{"line":26,"column":17},"end":{"line":26,"column":46}}},"2":{"name":"(anonymous_2)","line":27,"loc":{"start":{"line":27,"column":32},"end":{"line":27,"column":47}}},"3":{"name":"(anonymous_3)","line":31,"loc":{"start":{"line":31,"column":25},"end":{"line":31,"column":39}}},"4":{"name":"(anonymous_4)","line":38,"loc":{"start":{"line":38,"column":28},"end":{"line":38,"column":59}}},"5":{"name":"(anonymous_5)","line":47,"loc":{"start":{"line":47,"column":24},"end":{"line":47,"column":46}}},"6":{"name":"get_pdfs_in_directory","line":68,"loc":{"start":{"line":68,"column":0},"end":{"line":68,"column":57}}},"7":{"name":"(anonymous_7)","line":72,"loc":{"start":{"line":72,"column":20},"end":{"line":72,"column":47}}},"8":{"name":"(anonymous_8)","line":81,"loc":{"start":{"line":81,"column":19},"end":{"line":81,"column":30}}},"9":{"name":"(anonymous_9)","line":82,"loc":{"start":{"line":82,"column":20},"end":{"line":82,"column":35}}},"10":{"name":"confirm_file_exists","line":105,"loc":{"start":{"line":105,"column":0},"end":{"line":105,"column":50}}},"11":{"name":"(anonymous_11)","line":106,"loc":{"start":{"line":106,"column":23},"end":{"line":106,"column":41}}},"12":{"name":"remove_doc_data","line":118,"loc":{"start":{"line":118,"column":0},"end":{"line":118,"column":35}}},"13":{"name":"(anonymous_13)","line":121,"loc":{"start":{"line":121,"column":27},"end":{"line":121,"column":45}}}},"statementMap":{"1":{"start":{"line":6,"column":0},"end":{"line":6,"column":27}},"2":{"start":{"line":7,"column":0},"end":{"line":7,"column":27}},"3":{"start":{"line":8,"column":0},"end":{"line":8,"column":41}},"4":{"start":{"line":9,"column":0},"end":{"line":9,"column":23}},"5":{"start":{"line":10,"column":0},"end":{"line":10,"column":27}},"6":{"start":{"line":11,"column":0},"end":{"line":11,"column":29}},"7":{"start":{"line":12,"column":0},"end":{"line":12,"column":31}},"8":{"start":{"line":26,"column":0},"end":{"line":54,"column":1}},"9":{"start":{"line":27,"column":2},"end":{"line":53,"column":5}},"10":{"start":{"line":28,"column":4},"end":{"line":28,"column":38}},"11":{"start":{"line":28,"column":15},"end":{"line":28,"column":36}},"12":{"start":{"line":30,"column":4},"end":{"line":30,"column":47}},"13":{"start":{"line":31,"column":4},"end":{"line":52,"column":7}},"14":{"start":{"line":32,"column":6},"end":{"line":32,"column":46}},"15":{"start":{"line":32,"column":17},"end":{"line":32,"column":44}},"16":{"start":{"line":35,"column":6},"end":{"line":35,"column":40}},"17":{"start":{"line":36,"column":6},"end":{"line":36,"column":59}},"18":{"start":{"line":37,"column":6},"end":{"line":37,"column":67}},"19":{"start":{"line":38,"column":6},"end":{"line":51,"column":9}},"20":{"start":{"line":39,"column":8},"end":{"line":46,"column":9}},"21":{"start":{"line":40,"column":10},"end":{"line":43,"column":11}},"22":{"start":{"line":44,"column":10},"end":{"line":44,"column":37}},"23":{"start":{"line":45,"column":10},"end":{"line":45,"column":17}},"24":{"start":{"line":47,"column":8},"end":{"line":50,"column":11}},"25":{"start":{"line":48,"column":10},"end":{"line":48,"column":44}},"26":{"start":{"line":48,"column":21},"end":{"line":48,"column":42}},"27":{"start":{"line":49,"column":10},"end":{"line":49,"column":61}},"28":{"start":{"line":68,"column":0},"end":{"line":97,"column":1}},"29":{"start":{"line":69,"column":2},"end":{"line":69,"column":22}},"30":{"start":{"line":70,"column":2},"end":{"line":70,"column":19}},"31":{"start":{"line":71,"column":2},"end":{"line":71,"column":64}},"32":{"start":{"line":72,"column":2},"end":{"line":78,"column":5}},"33":{"start":{"line":73,"column":4},"end":{"line":76,"column":5}},"34":{"start":{"line":74,"column":6},"end":{"line":74,"column":59}},"35":{"start":{"line":75,"column":6},"end":{"line":75,"column":68}},"36":{"start":{"line":77,"column":4},"end":{"line":77,"column":11}},"37":{"start":{"line":81,"column":2},"end":{"line":96,"column":5}},"38":{"start":{"line":82,"column":4},"end":{"line":90,"column":7}},"39":{"start":{"line":83,"column":6},"end":{"line":85,"column":7}},"40":{"start":{"line":84,"column":8},"end":{"line":84,"column":18}},"41":{"start":{"line":86,"column":6},"end":{"line":88,"column":7}},"42":{"start":{"line":87,"column":8},"end":{"line":87,"column":17}},"43":{"start":{"line":89,"column":6},"end":{"line":89,"column":15}},"44":{"start":{"line":91,"column":4},"end":{"line":94,"column":5}},"45":{"start":{"line":95,"column":4},"end":{"line":95,"column":34}},"46":{"start":{"line":105,"column":0},"end":{"line":112,"column":1}},"47":{"start":{"line":106,"column":2},"end":{"line":111,"column":5}},"48":{"start":{"line":107,"column":4},"end":{"line":109,"column":5}},"49":{"start":{"line":108,"column":6},"end":{"line":108,"column":55}},"50":{"start":{"line":110,"column":4},"end":{"line":110,"column":22}},"51":{"start":{"line":118,"column":0},"end":{"line":127,"column":1}},"52":{"start":{"line":119,"column":2},"end":{"line":119,"column":42}},"53":{"start":{"line":120,"column":2},"end":{"line":120,"column":56}},"54":{"start":{"line":121,"column":2},"end":{"line":126,"column":5}},"55":{"start":{"line":122,"column":4},"end":{"line":124,"column":5}},"56":{"start":{"line":123,"column":6},"end":{"line":123,"column":24}},"57":{"start":{"line":125,"column":4},"end":{"line":125,"column":39}}},"branchMap":{"1":{"line":28,"type":"if","locations":[{"start":{"line":28,"column":4},"end":{"line":28,"column":4}},{"start":{"line":28,"column":4},"end":{"line":28,"column":4}}]},"2":{"line":32,"type":"if","locations":[{"start":{"line":32,"column":6},"end":{"line":32,"column":6}},{"start":{"line":32,"column":6},"end":{"line":32,"column":6}}]},"3":{"line":39,"type":"if","locations":[{"start":{"line":39,"column":8},"end":{"line":39,"column":8}},{"start":{"line":39,"column":8},"end":{"line":39,"column":8}}]},"4":{"line":48,"type":"if","locations":[{"start":{"line":48,"column":10},"end":{"line":48,"column":10}},{"start":{"line":48,"column":10},"end":{"line":48,"column":10}}]},"5":{"line":73,"type":"if","locations":[{"start":{"line":73,"column":4},"end":{"line":73,"column":4}},{"start":{"line":73,"column":4},"end":{"line":73,"column":4}}]},"6":{"line":83,"type":"if","locations":[{"start":{"line":83,"column":6},"end":{"line":83,"column":6}},{"start":{"line":83
[...]
:{"line":34,"column":2},"end":{"line":34,"column":18}},"16":{"start":{"line":35,"column":2},"end":{"line":35,"column":22}},"17":{"start":{"line":36,"column":2},"end":{"line":36,"column":19}},"18":{"start":{"line":37,"column":2},"end":{"line":37,"column":38}},"19":{"start":{"line":38,"column":2},"end":{"line":106,"column":5}},"20":{"start":{"line":39,"column":4},"end":{"line":39,"column":12}},"21":{"start":{"line":40,"column":4},"end":{"line":44,"column":5}},"22":{"start":{"line":41,"column":6},"end":{"line":41,"column":67}},"23":{"start":{"line":42,"column":6},"end":{"line":42,"column":60}},"24":{"start":{"line":43,"column":6},"end":{"line":43,"column":12}},"25":{"start":{"line":45,"column":4},"end":{"line":105,"column":7}},"26":{"start":{"line":46,"column":6},"end":{"line":50,"column":7}},"27":{"start":{"line":47,"column":8},"end":{"line":47,"column":87}},"28":{"start":{"line":48,"column":8},"end":{"line":48,"column":62}},"29":{"start":{"line":49,"column":8},"end":{"line":49,"column":14}},"30":{"start":{"line":52,"column":6},"end":{"line":104,"column":9}},"31":{"start":{"line":53,"column":8},"end":{"line":56,"column":9}},"32":{"start":{"line":54,"column":10},"end":{"line":54,"column":64}},"33":{"start":{"line":55,"column":10},"end":{"line":55,"column":16}},"34":{"start":{"line":59,"column":8},"end":{"line":63,"column":9}},"35":{"start":{"line":60,"column":10},"end":{"line":60,"column":63}},"36":{"start":{"line":61,"column":10},"end":{"line":61,"column":64}},"37":{"start":{"line":62,"column":10},"end":{"line":62,"column":16}},"38":{"start":{"line":64,"column":8},"end":{"line":64,"column":30}},"39":{"start":{"line":65,"column":8},"end":{"line":69,"column":9}},"40":{"start":{"line":66,"column":10},"end":{"line":66,"column":60}},"41":{"start":{"line":67,"column":10},"end":{"line":67,"column":64}},"42":{"start":{"line":68,"column":10},"end":{"line":68,"column":16}},"43":{"start":{"line":70,"column":8},"end":{"line":70,"column":82}},"44":{"start":{"line":71,"column":8},"end":{"line":71,"column":39}},"45":{"start":{"line":72,"column":8},"end":{"line":72,"column":22}},"46":{"start":{"line":73,"column":8},"end":{"line":103,"column":10}},"47":{"start":{"line":77,"column":12},"end":{"line":77,"column":20}},"48":{"start":{"line":78,"column":12},"end":{"line":88,"column":15}},"49":{"start":{"line":79,"column":11},"end":{"line":82,"column":12}},"50":{"start":{"line":80,"column":13},"end":{"line":80,"column":67}},"51":{"start":{"line":81,"column":13},"end":{"line":81,"column":20}},"52":{"start":{"line":83,"column":14},"end":{"line":83,"column":39}},"53":{"start":{"line":84,"column":14},"end":{"line":84,"column":44}},"54":{"start":{"line":85,"column":14},"end":{"line":85,"column":62}},"55":{"start":{"line":86,"column":14},"end":{"line":86,"column":96}},"56":{"start":{"line":87,"column":14},"end":{"line":87,"column":19}},"57":{"start":{"line":91,"column":12},"end":{"line":94,"column":13}},"58":{"start":{"line":92,"column":14},"end":{"line":92,"column":151}},"59":{"start":{"line":93,"column":14},"end":{"line":93,"column":21}},"60":{"start":{"line":95,"column":12},"end":{"line":95,"column":66}},"61":{"start":{"line":96,"column":12},"end":{"line":96,"column":66}},"62":{"start":{"line":96,"column":58},"end":{"line":96,"column":65}},"63":{"start":{"line":97,"column":12},"end":{"line":101,"column":15}},"64":{"start":{"line":98,"column":14},"end":{"line":98,"column":37}},"65":{"start":{"line":98,"column":29},"end":{"line":98,"column":36}},"66":{"start":{"line":99,"column":14},"end":{"line":99,"column":43}},"67":{"start":{"line":100,"column":14},"end":{"line":100,"column":53}}},"branchMap":{"1":{"line":18,"type":"if","locations":[{"start":{"line":18,"column":2},"end":{"line":18,"column":2}},{"start":{"line":18,"column":2},"end":{"line":18,"column":2}}]},"2":{"line":40,"type":"if","locations":[{"start":{"line":40,"column":4},"end":{"line":40,"column":4}},{"start":{"line":40,"column":4},"end":{"line":40,"column":4}}]},"3":{"line":46,"type":"if","locations":[{"start":{"line":46,"column":6},"end":{"line":46,"column":6}},{"start":{"line":46,"column":6},"end":{"line":46,"column":6}}]},"4":{"line":53,"type":"if","locations":[{"start":{"line":53,"column":8},"end":{"line":53,"column":8}},{"start":{"line":53,"column":8},"end":{"line":53,"column":8}}]},"5":{"line":59,"type":"if","locations":[{"start":{"line":59,"column":8},"end":{"line":59,"column":8}},{"start":{"line":59,"column":8},"end":{"line":59,"column":8}}]},"6":{"line":65,"type":"if","locations":[{"start":{"line":65,"column":8},"end":{"line":65,"column":8}},{"start":{"line":65,"column":8},"end":{"line":65,"column":8}}]},"7":{"line":65,"type":"binary-expr","locations":[{"start":{"line":65,"column":12},"end":{"line":65,"column":49}},{"start":{"line":65,"column":53},"end":{"line":65,"column":83}}]},"8":{"line":79,"type":"if","locations":[{"start":{"line":79,"column":11},"end":{"line":79,"column":11}},{"start":{"line":79,"column":11},"end":{"line":79,"column":11}}]},"9":{"line":91,"type":"if","locations":[{"start":{"line":91,"column":12},"end":{"line":91,"column":12}},{"start":{"line":91,"column":12},"end":{"line":91,"column":12}}]},"10":{"line":96,"type":"if","locations":[{"start":{"line":96,"column":12},"end":{"line":96,"column":12}},{"start":{"line":96,"column":12},"end":{"line":96,"column":12}}]},"11":{"line":96,"type":"binary-expr","locations":[{"start":{"line":96,"column":16},"end":{"line":96,"column":29}},{"start":{"line":96,"column":33},"end":{"line":96,"column":54}}]},"12":{"line":98,"type":"if","locations":[{"start":{"line":98,"column":14},"end":{"line":98,"column":14}},{"start":{"line":98,"column":14},"end":{"line":98,"column":14}}]}},"code":["/**"," * Module which extracts the text out of an electronic pdf file"," * This module can handle multi-page pdf files"," */","var fs = require('fs');","var async = require('async');","","var rimraf = require('rimraf');","var util = require('util');","var events = require('events');","","var split = require('./split.js');","var searchable = require('./searchable.js');","var pathhash = require('pathhash');","","","function Electronic(){","  if(false === (this instanceof Electronic)) {","    return new Electronic();","  }","}","util.inherits(Electronic, events.EventEmitter);","module.exports = Electronic;","","","/**"," * @param pdf_path path to the pdf file on disk"," *"," * @return {Array} text_pages an array of the extracted text where"," *   each entry is the text for the page at the given index"," * @return callback(<maybe error>, text_pages)"," */","Electronic.prototype.process = function(pdf_path, options) {","  var self = this;","  var text_pages = [];","  var split_output;","  var single_page_pdf_file_paths = [];","  fs.exists(pdf_path, function (exists) {","    var err;","    if (!exists) {","      err = 'no file exists at the path you specified: ' + pdf_path","      self.emit('error', { error: err, pdf_path: pdf_path});","      return","    }","    pathhash(pdf_path, function (err, hash) {","      if (err) {","        err = 'error hashing file at the path you specified: ' + pdf_path + '. ' + err;","        self.emit('error', { error: err, pdf_path: pdf_path});","        return","      }","      // split the pdf into single page pdf files","      split(pdf_path, function (err, output) {","        if (err) {","          self.emit('error', { error: err, pdf_path: pdf_path});","          return","        }","","","        if (!output) {","          err = 'failed to split pdf file into distinct pages';","          self.emit('error', { error: err, pdf_path: pdf_path});","          return","        }","        split_output = output;","        if (!split_output.hasOwnProperty('files') || split_output.files.length == 0) {","          err = 'no pages where found in your pdf document';","          self.emit('error', { error: err, pdf_path: pdf_path});","          return","        }","        self.emit('log', 'finished splitting pages for file at path ' + pdf_path);","        var files = split_output.files;","        var index = 0;","        async.forEachSeries(","          files,","          // extract the text for each page","          function (file, cb) {","            index++;","            searchable(file.file_path, options, function (err, extract) {","\t          if(err){","\t            self.emit('error', { error: err, pdf_path: pdf_path});","\t            return;","\t          }","              text_pages.push(extract);","              var file_path = file.file_path","              single_page_pdf_file_paths.push(file.file_path);","              self.emit('page', { hash: hash, text: extract, index: index, pdf_path: pdf_path});","              cb();","            });","          },","          function (err) {","            if (!err) {","              self.emit('complete', { hash: hash, text_pages: text_pages, pdf_path: pdf_path, single_page_pdf_file_paths: single_page_pdf_file_paths});","              return;","            }","            self.emit('error', { error: err, pdf_path: pdf_path});","            if (!split_output || ! split_output.folder) { return }","            fs.exists(split_output.folder, function (exists) {","              if (!exists) { return }","              var remove_cb = function() {}","              rimraf(split_output.folder, remove_cb);","            });","          }","        );","      });","    });","  });","}",""],"l":{"5":1,"6":1,"8":1,"9":1,"10":1,"12":1,"13":1,"14":1,"17":1,"18":0,"19":0,"22":1,"23":1,"33":1,"34":0,"35":0,"36":0,"37":0,"38":0,"39":0,"40":0,"41":0,"42":0,"43":0,"45":0,"46":0,"47":0,"48":0,"49":0,"52":0,"53":0,"54":0,"55":0,"59":0,"60":0,"61":0,"62":0,"64":0,"65":0,"66":0,"67":0,"68":0,"70":0,"71":0,"72":0,"73":0,"77":0,"78":0,"79":0,"80":0,"81":0,"83":0,"84":0,"85":0,"86":0,"87":0,"91":0,"92":0,"93":0,"95":0,"96":0,"97":0,"98":0,"99":0,"100":0}},"/home/travis/build/npmtest/node-npmtest-pdf-extract/node_modules/pdf-extract/lib/searchable.js":{"path":"/home/travis/build/npmtest/node-npmtest-pdf-extract/node_modules/pdf-extract/lib/searchable.js","s":{"1":1,"2":1,"3":1,"4":1,"5":1,"6":1,"7":1,"8":1,"9":1,"10":0,"11":0,"12":0,"13":0,"14":0,"15":0,"16":0,"17":0,"18":0,"19":0,"20":0,"21":0,"22":0,"23":0,"24":0,"25":0,"26":0,"27":0,"28":0,"29":1,"30":0,"31":0,"32":0,"33":0,"34":0,"35":0,"36":0,"37":0,"38":0,"39":0,"40":1,"41":0,"42":0,"43":0,"44":0,"45":1,"46":0,"47":0,"48":0,"49":0},"b":{"1":[0,0],"2":[0,0],"3":[0,0],"4":[0,0],"5":[0,0],"6":[0,0],"7":[0,0]},"f":{"1":0,"2":0,"3":0,"4":0,"5":0,"6":0,"7":0,"8":0,"9":0,"10":0,"11":0,"12":0},"fnMap":{"1":{"name":"(anonymous_1)","line":24,"loc":{"start":{"line":24,"column":17},"end":{"line":24,"column":55}}},"2":{"name":"(anonymous_2)","line":27,"loc":{"start":{"line":27,"column":32},"end":{"line":27,"column":47}}},"3":{"name":"(anonymous_3)","line":35,"loc":{"start":{"line":35,"column":22},"end":{"line":35,"column":37}}},"4":{"name":"(anonymous_4)","line":39,"loc":{"start":{"line":39,"column":22},"end":{"line":39,"column":37}}},"5":{"name":"(anonymous_5)","line":42,"loc":{"start":{"line":42,"column":23},"end":{"line":42,"column":38}}},"6":{"name":"get_pdfs_in_directory","line":56,"loc":{"start":{"line":56,"column":0},"end":{"line":56,"column":57}}},"7":{"name":"(anonymous_7)","line":60,"loc":{"start":{"line":60,"column":20},"end":{"line":60,"column":47}}},"8":{"name":"(anonymous_8)","line":67,"loc":{"start":{"line":67,"column":19},"end":{"line":67,"column":30}}},"9":{"name":"cleanup_directory","line":75,"loc":{"start":{"line":75,"column":0},"end":{"line":75,"column":53}}},"10":{"name":"(anonymous_10)","line":77,"loc":{"start":{"line":77,"column":28},"end":{"line":77,"column":46}}},"11":{"name":"confirm_file_exists","line":90,"loc":{"start":{"line":90,"column":0},"end":{"line":90,"column":50}}},"12":{"name":"(anonymous_12)","line":91,"loc":{"start":{"line":91,"column":23},"end":{"line":91,"column":41}}}},"statementMap":{"1":{"start":{"line":6,"column":0},"end":{"line":6,"column":27}},"2":{"start":{"line":7,"column":0},"end":{"line":7,"column":27}},"3":{"start":{"line":8,"column":0},"end":{"line":8,"column":41}},"4":{"start":{"line":9,"column":0},"end":{"line":9,"column":43}},"5":{"start":{"line":10,"column":0},"end":{"line":10,"column":23}},"6":{"start":{"line":11,"column":0},"end":{"line":11,"column":27}},"7":{"start":{"line":12,"column":0},"end":{"line":12,"column":29}},"8":{"start":{"line":13,"column":0},"end":{"line":13,"column":31}},"9":{"start":{"line":24,"column":0},"end":{"line":46,"column":1}},"10":{"start":{"line":25,"column":2},"end":{"line":25,"column":36}},"11":{"start":{"line":25,"column":25},"end":{"line":25,"column":36}},"12":{"start":{"line":26,"column":2},"end":{"line":26,"column":52}},"13":{"start":{"line":26,"column":32},"end":{"line":26,"column":52}},"14":{"start":{"line":27,"column":2},"end":{"line":45,"column":5}},"15":{"start":{"line":28,"column":4},"end":{"line":28,"column":38}},"16":{"start":{"line":28,"column":15},"end":{"line":28,"column":36}},"17":{"start":{"line":29,"column":4},"end":{"line":29,"column":96}},"18":{"start":{"line":30,"column":4},"end":{"line":30,"column":30}},"19":{"start":{"line":31,"column":4},"end":{"line":31,"column":30}},"20":{"start":{"line":32,"column":4},"end":{"line":32,"column":20}},"21":{"start":{"line":33,"column":4},"end":{"line":33,"column":31}},"22":{"start":{"line":34,"column":4},"end":{"line":34,"column":31}},"23":{"start":{"line":35,"column":4},"end":{"line":37,"column":7}},"24":{"start":{"line":36,"column":6},"end":{"line":36,"column":34}},"25":{"start":{"line":39,"column":4},"end":{"line":41,"column":7}},"26":{"start":{"line":40,"column":6},"end":{"line":40,"column":21}},"27":{"start":{"line":42,"column":4},"end":{"line":44,"column":7}},"28":{"start":{"line":43,"column":6},"end":{"line":43,"column":36}},"29":{"start":{"line":56,"column":0},"end":{"line":70,"column":1}},"30":{"start":{"line":57,"column":2},"end":{"line":57,"column":22}},"31":{"start":{"line":58,"column":2},"end":{"line":58,"column":19}},"32":{"start":{"line":59,"column":2},"end":{"line":59,"column":64}},"33":{"start":{"line":60,"column":2},"end":{"line":66,"column":5}},"34":{"start":{"line":61,"column":4},"end":{"line":65,"column":5}},"35":{"start":{"line":62,"column":6},"end":{"line":62,"column":59}},"36":{"start":{"line":63,"column":6},"end":{"line":63,"column":68}},"37":{"start":{"line":64,"column":6},"end":{"line":64,"column":13}},"38":{"start":{"line":67,"column":2},"end":{"line":69,"column":5}},"39":{"start":{"line":68,"column":4},"end":{"line":68,"column":38}},"40":{"start":{"line":75,"column":0},"end":{"line":83,"column":1}},"41":{"start":{"line":77,"column":2},"end":{"line":82,"column":5}},"42":{"start":{"line":78,"column":4},"end":{"line":80,"column":5}},"43":{"start":{"line":79,"column":6},"end":{"line":79,"column":24}},"44":{"start":{"line":81,"column":4},"end":{"line":81,"column":37}},"45":{"start":{"line":90,"column":0},"end":{"line":97,"column":1}},"46":{"start":{"line":91,"column":2},"end":{"line":96,"column":5}},"47":{"start":{"line":92,"column":4},"end":{"line":94,"column":5}},"48":{"start":{"line":93,"column":6},"end":{"line":93,"column":55}},"49":{"start":{"line":95,"column":4},"end":{"line":95,"column":22}}},"branchMap":{"1":{"line":25,"type":"if","locations":[{"start":{"line":25,"column":2},"end":{"line":25,"column":2}},{"start":{"line":25,"column":2},"end":{"line":25,"column":2}}]},"2":{"line":26,"type":"if","locations":[{"start":{"line":26,"column":2},"end":{"line":26,"column":2}},{"start":{"line":26,"column":2},"end":{"line":26,"column":2}}]},"3":{"line":28,"type":"if","locations":[{"start":{"line":28,"column":4},"end":{"line":28,"column":4}},{"start":{"line":28,"column":4},"end":{"line":28,"column":4}}]},"4":{"line":29,"type":"cond-expr","locations":[{"start":{"line":29,"column":53},"end":{"line":29,"column":64}},{"start":{"line":29,"column":67},"end":{"line":29,"column":69}}]},"5":{"line":61,"type":"if","locations":[{"start":{"line":61,"column":4},"end":{"line":61,"column":4}},{"start":{"line":61,"column":4},"end":{"line":61,"column":4}}]},"6":{"line":78,"type":"if","locations":[{"start":{"line":78,"column":4},"end":{"line":78,"column":4}},{"start":{"line":78,"column":4},"end":{"line":78,"column":4}}]},"7":{"line":92,"type":"if","locations":[{"start":{"line":92,"column":4},"end":{"line":92,"column":4}},{"start":{"line":92,"column":4},"end":{"line":92,"column":4}}]}},"code":["/**"," * Module which extracts text from electronic searchable pdf files."," * Requires the \"pdftotext\" binary be installed on the system and accessible in the"," * current path"," */","var path = require('path');","var temp = require('temp');","var exec = require('child_process').exec;","var spawn = require('child_process').spawn;","var fs = require('fs');","var walk = require('walk');","var async = require('async');","var rimraf = require('rimraf');","","/**"," * @param pdf_path path to the single page searchable pdf file on disk"," * This function buffers all the output from stdout and sends it back as a string."," * Since we only handle single pages of pdf text here the amount of text is small"," * and therefore we don't need to use a stream"," *"," * @return {ReadStream} the entire output from stdout"," * @return callback(<maybe error>, stdout)"," */","module.exports = function(pdf_path, options, callback) {","  if(options===undefined)options={};","  if(options.layout===undefined)options.layout=true;","  confirm_file_exists(pdf_path, function (err) {","    if (err) { return callback(err); }","    var child = spawn('pdftotext', (options.layout ? ['-layout'] : []).concat([pdf_path, '-']));","    var stdout = child.stdout;","    var stderr = child.stderr;","    var output = '';","    stdout.setEncoding('utf8');","    stderr.setEncoding('utf8');","    stderr.on('data', function(data) {","      return callback(data, null);","    });","    // buffer the stdout output","    stdout.on('data', function(data) {","      output += data;","    });","    stdout.on('close', function(data) {","      return callback(null, output);","    });","  });","}","","","/**"," * Non-recursive find of all the files in a given directory that end with *.pdf"," * @return {Array} files is an array of the absolute paths to the single"," * page pdf files. Each entry in this array is an object with fields"," * <file_name> and <file_path> set"," * @return callback(<maybe error>, files)"," */","function get_pdfs_in_directory(directory_path, callback) {","  var file_paths = [];","  var files = null;","  var walker = walk.walk(directory_path, { followLinks: false});","  walker.on('file', function(root, stat, next) {","    if (stat.name.match(/\\.pdf$/i)) {","      var file_path = path.join(directory_path, stat.name);","      file_paths.push({file_path: file_path, file_name: stat.name});","      next();","    }","  });","  walker.on('end', function() {","    return callback(null, file_paths);","  });","}","","/**"," * Cleanup any single page pdfs on error"," */","function cleanup_directory(directory_path, callback) {","  // only remove the folder at directory_path if it exists","  fs.exists(directory_path, function (exists) {","    if (!exists) {","      return callback();","    }","    rimraf(directory_path, callback);","  });","}","","/**"," * @param {String} file_path absolute path to file on disk"," * @return {Function} callback() if file does exist"," * callback(<error message>) if file does not exists"," */","function confirm_file_exists(file_path, callback) {","  fs.exists(file_path, function (exists) {","    if (!exists) {","      return callback('no file at path: ' + file_path);","    }","    return callback();","  });","};"],"l":{"6":1,"7":1,"8":1,"9":1,"10":1,"11":1,"12":1,"13":1,"24":1,"25":0,"26":0,"27":0,"28":0,"29":0,"30":0,"31":0,"32":0,"33":0,"34":0,"35":0,"36":0,"39":0,"40":0,"42":0,"43":0,"56":1,"57":0,"58":0,"59":0,"60":0,"61":0,"62":0,"63":0,"64":0,"67":0,"68":0,"75":1,"77":0,"78":0,"79":0,"81":0,"90":1,"91":0,"92":0,"93":0,"95":0}}}